[2026-03-31T09:07:17] ============================================================
[2026-03-31T09:07:17] HARNESS v2 — MULTI-SESSION ORCHESTRATOR
[2026-03-31T09:07:17] Work dir:  /Users/steven.tan/Expected Credit Losses
[2026-03-31T09:07:17] Target:    9.0/10
[2026-03-31T09:07:17] Model:     default
[2026-03-31T09:07:17] ============================================================
[2026-03-31T09:07:17] Harness already complete. Nothing to do.
[2026-03-31T09:08:04] ============================================================
[2026-03-31T09:08:04] HARNESS v2 — MULTI-SESSION ORCHESTRATOR
[2026-03-31T09:08:04] Work dir:  /Users/steven.tan/Expected Credit Losses
[2026-03-31T09:08:04] Target:    9.0/10
[2026-03-31T09:08:04] Model:     default
[2026-03-31T09:08:04] ============================================================
[2026-03-31T09:08:04] Resuming from phase=QA_BUG_HUNT, sprint=1
[2026-03-31T09:08:04] Unknown phase, starting sprint loop
[2026-03-31T09:08:04] ============================================================
[2026-03-31T09:08:04] SPRINT 1: QA: Test all 18 pages - every click, interaction, button, form, navigation
[2026-03-31T09:08:04] ============================================================
[2026-03-31T09:08:04] --- Sprint 1, Iteration 1 ---
[2026-03-31T09:08:04] START build_agent-sprint-1-iter-1
[2026-03-31T09:23:43] END build_agent-sprint-1-iter-1 (exit=0, 939s)
[2026-03-31T09:24:59] GATE pytest: PASS
[2026-03-31T09:24:59] Starting dev server: npm start (port 3000)
[2026-03-31T10:12:43] ============================================================
[2026-03-31T10:12:43] HARNESS v2 — MULTI-SESSION ORCHESTRATOR
[2026-03-31T10:12:43] Work dir:  /Users/steven.tan/Expected Credit Losses
[2026-03-31T10:12:43] Target:    9.0/10
[2026-03-31T10:12:43] Model:     default
[2026-03-31T10:12:43] ============================================================
[2026-03-31T10:12:43] Resuming from phase=VISUAL_QA, sprint=1
[2026-03-31T10:12:43] ============================================================
[2026-03-31T10:12:43] SPRINT 1: QA: Full browser test all 18 pages - every click, interaction, button, form, navigation
[2026-03-31T10:12:43] ============================================================
[2026-03-31T10:12:43] --- Sprint 1, Iteration 1 ---
[2026-03-31T10:12:43] START build_agent-sprint-1-iter-1
[2026-03-31T10:24:12] END build_agent-sprint-1-iter-1 (exit=0, 689s)
[2026-03-31T10:25:29] GATE pytest: PASS
[2026-03-31T10:25:29] Starting dev server: echo 'Server already running on port 8000' (port 8000)
[2026-03-31T10:25:29] Dev server ready (PID 21727)
[2026-03-31T10:25:29] START visual_qa-sprint-1-iter-0
[2026-03-31T10:26:27] END visual_qa-sprint-1-iter-0 (exit=0, 58s)
[2026-03-31T10:26:27] GATE manifest: PASS — Manifest complete. 2 bugs found.
[2026-03-31T10:26:27] GATE visual_qa: FAIL
[2026-03-31T10:26:27] Visual QA issues — looping back to Build Agent
[2026-03-31T10:26:27] Stopping dev server (PID 21727)
[2026-03-31T10:26:27] --- Sprint 1, Iteration 2 ---
[2026-03-31T10:26:27] START build_agent-sprint-1-iter-2
[2026-03-31T10:43:03] END build_agent-sprint-1-iter-2 (exit=0, 996s)
[2026-03-31T10:44:19] GATE pytest: PASS
[2026-03-31T10:44:19] Starting dev server: echo 'Server already running on port 8000' (port 8000)
[2026-03-31T10:44:19] Dev server ready (PID 12935)
[2026-03-31T10:44:19] START visual_qa-sprint-1-iter-0
[2026-03-31T10:45:34] END visual_qa-sprint-1-iter-0 (exit=0, 75s)
[2026-03-31T10:45:34] GATE manifest: PASS — Manifest complete. 2 bugs found.
[2026-03-31T10:45:34] GATE visual_qa: FAIL
[2026-03-31T10:45:34] Visual QA issues — looping back to Build Agent
[2026-03-31T10:45:34] Stopping dev server (PID 12935)
[2026-03-31T10:45:34] --- Sprint 1, Iteration 3 ---
[2026-03-31T10:45:34] START build_agent-sprint-1-iter-3
[2026-03-31T10:55:07] END build_agent-sprint-1-iter-3 (exit=0, 573s)
[2026-03-31T10:56:23] GATE pytest: PASS
[2026-03-31T10:56:23] Starting dev server: echo 'Server already running on port 8000' (port 8000)
[2026-03-31T10:56:23] Dev server ready (PID 51552)
[2026-03-31T10:56:23] START visual_qa-sprint-1-iter-0
[2026-03-31T10:57:35] END visual_qa-sprint-1-iter-0 (exit=0, 72s)
[2026-03-31T10:57:35] GATE manifest: PASS — Manifest complete. 2 bugs found.
[2026-03-31T10:57:35] GATE visual_qa: FAIL
[2026-03-31T10:57:35] Visual QA issues — looping back to Build Agent
[2026-03-31T10:57:35] Stopping dev server (PID 51552)
[2026-03-31T10:57:35] --- Sprint 1, Iteration 4 ---
[2026-03-31T10:57:35] START build_agent-sprint-1-iter-4
[2026-03-31T11:06:02] END build_agent-sprint-1-iter-4 (exit=0, 508s)
[2026-03-31T11:07:32] GATE pytest: PASS
[2026-03-31T11:07:32] Starting dev server: echo 'Server already running on port 8000' (port 8000)
[2026-03-31T11:07:32] Dev server ready (PID 87418)
[2026-03-31T11:07:32] START visual_qa-sprint-1-iter-0
[2026-03-31T11:09:32] END visual_qa-sprint-1-iter-0 (exit=0, 119s)
[2026-03-31T11:09:32] GATE manifest: PASS — Manifest complete. 2 bugs found.
[2026-03-31T11:09:32] GATE visual_qa: FAIL
[2026-03-31T11:09:32] Visual QA issues — looping back to Build Agent
[2026-03-31T11:09:32] Stopping dev server (PID 87418)
[2026-03-31T11:09:32] --- Sprint 1, Iteration 5 ---
[2026-03-31T11:09:32] START build_agent-sprint-1-iter-5
[2026-03-31T11:14:11] END build_agent-sprint-1-iter-5 (exit=0, 279s)
[2026-03-31T11:15:39] GATE pytest: PASS
[2026-03-31T11:15:39] Starting dev server: echo 'Server already running on port 8000' (port 8000)
[2026-03-31T11:15:39] Dev server ready (PID 13543)
[2026-03-31T11:15:39] START visual_qa-sprint-1-iter-0
[2026-03-31T11:17:14] END visual_qa-sprint-1-iter-0 (exit=0, 95s)
[2026-03-31T11:17:14] GATE manifest: PASS — Manifest complete. 2 bugs found.
[2026-03-31T11:17:14] GATE visual_qa: FAIL
[2026-03-31T11:17:14] Visual QA issues — looping back to Build Agent
[2026-03-31T11:17:14] Stopping dev server (PID 13543)
[2026-03-31T11:17:14] Sprint 1 PASS (with debt): 0.00/9.0
[2026-03-31T11:17:14] ============================================================
[2026-03-31T11:17:14] FINAL INTEGRATION EVALUATION
[2026-03-31T11:17:14] ============================================================
[2026-03-31T11:17:14] Starting dev server: echo 'Server already running on port 8000' (port 8000)
[2026-03-31T11:17:14] Dev server ready (PID 19584)
[2026-03-31T11:17:14] START final_evaluation-sprint-999-iter-0
[2026-03-31T11:27:44] END final_evaluation-sprint-999-iter-0 (exit=0, 630s)
[2026-03-31T11:27:44] Stopping dev server (PID 19584)
[2026-03-31T11:27:44] FINAL SCORE: 8.85/9.0
[2026-03-31T11:27:44] Final eval failed (8.85 < 9.0)
[2026-03-31T11:27:44] Dynamic sprints needed — check final-integration-eval.md for details
