[2026-03-31T17:43:12] ============================================================
[2026-03-31T17:43:12] HARNESS v2 — MULTI-SESSION ORCHESTRATOR
[2026-03-31T17:43:12] Work dir:  /Users/steven.tan/Expected Credit Losses/app
[2026-03-31T17:43:12] Target:    9.5/10
[2026-03-31T17:43:12] Model:     default
[2026-03-31T17:43:12] ============================================================
[2026-03-31T17:43:12] ============================================================
[2026-03-31T17:43:12] PHASE 1: SPEC AGENT
[2026-03-31T17:43:12] ============================================================
[2026-03-31T17:43:12] START spec_agent-sprint-0-iter-0
[2026-03-31T17:46:10] END spec_agent-sprint-0-iter-0 (exit=0, 178s)
[2026-03-31T17:46:10] Spec phase complete
[2026-03-31T17:46:10] ============================================================
[2026-03-31T17:46:10] SPRINT 1: Sprint 1: Core Layout & Shared Components (App.tsx, Sidebar, DataTable, Card, KpiCard, CollapsibleSection, ThreeLevelDrillDown, DrillDownChart, ScenarioProductBarChart, ChartTooltip, Toast, ErrorBoundary, ErrorDisplay, ConfirmDialog, StatusBadge, LockedBanner, HelpTooltip, HelpPanel, main.tsx)
[2026-03-31T17:46:10] ============================================================
[2026-03-31T17:46:10] --- Sprint 1, Iteration 1 ---
[2026-03-31T17:46:10] START build_agent-sprint-1-iter-1
[2026-03-31T18:04:52] END build_agent-sprint-1-iter-1 (exit=0, 1122s)
[2026-03-31T18:04:53] GATE pytest: FAIL
[2026-03-31T18:04:53] Tests failing — looping back to Build Agent
[2026-03-31T18:04:53] --- Sprint 1, Iteration 2 ---
[2026-03-31T18:04:53] START build_agent-sprint-1-iter-2
[2026-03-31T18:13:07] END build_agent-sprint-1-iter-2 (exit=0, 494s)
[2026-03-31T18:13:08] GATE pytest: FAIL
[2026-03-31T18:13:08] Tests failing — looping back to Build Agent
[2026-03-31T18:13:08] --- Sprint 1, Iteration 3 ---
[2026-03-31T18:13:08] START build_agent-sprint-1-iter-3
[2026-03-31T18:21:33] END build_agent-sprint-1-iter-3 (exit=0, 506s)
[2026-03-31T18:21:34] GATE pytest: FAIL
[2026-03-31T18:21:34] Tests failing — looping back to Build Agent
[2026-03-31T18:21:34] --- Sprint 1, Iteration 4 ---
[2026-03-31T18:21:34] START build_agent-sprint-1-iter-4
[2026-03-31T18:27:58] END build_agent-sprint-1-iter-4 (exit=0, 384s)
[2026-03-31T18:27:59] GATE pytest: FAIL
[2026-03-31T18:27:59] Tests failing — looping back to Build Agent
[2026-03-31T18:27:59] --- Sprint 1, Iteration 5 ---
[2026-03-31T18:27:59] START build_agent-sprint-1-iter-5
[2026-03-31T18:36:42] END build_agent-sprint-1-iter-5 (exit=0, 523s)
[2026-03-31T18:38:02] GATE pytest: PASS
[2026-03-31T18:38:02] Starting dev server: cd frontend && npm run dev (port 3000)
[2026-03-31T18:39:06] ============================================================
[2026-03-31T18:39:06] HARNESS v2 — MULTI-SESSION ORCHESTRATOR
[2026-03-31T18:39:06] Work dir:  /Users/steven.tan/Expected Credit Losses/app
[2026-03-31T18:39:06] Target:    9.5/10
[2026-03-31T18:39:06] Model:     default
[2026-03-31T18:39:06] ============================================================
[2026-03-31T18:39:06] Resuming from phase=BUILD_AGENT, sprint=1
[2026-03-31T18:39:06] ============================================================
[2026-03-31T18:39:06] SPRINT 1: Sprint 1: Core Layout & Shared Components (App.tsx, Sidebar, DataTable, Card, KpiCard, CollapsibleSection, ThreeLevelDrillDown, DrillDownChart, ScenarioProductBarChart, ChartTooltip, Toast, ErrorBoundary, ErrorDisplay, ConfirmDialog, StatusBadge, LockedBanner, HelpTooltip, HelpPanel, main.tsx)
[2026-03-31T18:39:06] ============================================================
[2026-03-31T18:39:06] --- Sprint 1, Iteration 1 ---
[2026-03-31T18:39:06] START build_agent-sprint-1-iter-1
[2026-03-31T18:42:43] END build_agent-sprint-1-iter-1 (exit=0, 217s)
[2026-03-31T18:44:01] GATE pytest: PASS
[2026-03-31T18:44:01] Starting dev server: cd frontend && npm run dev (port 3000)
[2026-03-31T18:45:14] ============================================================
[2026-03-31T18:45:14] HARNESS v2 — MULTI-SESSION ORCHESTRATOR
[2026-03-31T18:45:14] Work dir:  /Users/steven.tan/Expected Credit Losses/app
[2026-03-31T18:45:14] Target:    9.5/10
[2026-03-31T18:45:14] Model:     default
[2026-03-31T18:45:14] ============================================================
[2026-03-31T18:45:14] Resuming from phase=BUILD_AGENT, sprint=1
[2026-03-31T18:45:14] ============================================================
[2026-03-31T18:45:14] SPRINT 1: Sprint 1: Core Layout & Shared Components (App.tsx, Sidebar, DataTable, Card, KpiCard, CollapsibleSection, ThreeLevelDrillDown, DrillDownChart, ScenarioProductBarChart, ChartTooltip, Toast, ErrorBoundary, ErrorDisplay, ConfirmDialog, StatusBadge, LockedBanner, HelpTooltip, HelpPanel, main.tsx)
[2026-03-31T18:45:14] ============================================================
[2026-03-31T18:45:14] --- Sprint 1, Iteration 1 ---
[2026-03-31T18:45:14] START build_agent-sprint-1-iter-1
[2026-03-31T18:47:57] END build_agent-sprint-1-iter-1 (exit=0, 163s)
[2026-03-31T18:49:13] GATE pytest: PASS
[2026-03-31T18:49:13] Starting dev server: cd frontend && npm run dev (port 5173)
[2026-03-31T18:49:14] Dev server ready (PID 36114)
[2026-03-31T18:49:14] START visual_qa-sprint-1-iter-0
[2026-03-31T18:50:28] END visual_qa-sprint-1-iter-0 (exit=0, 74s)
[2026-03-31T18:50:28] GATE manifest: FAIL — Manifest file does not exist
[2026-03-31T18:50:28] GATE visual_qa: FAIL
[2026-03-31T18:50:28] Visual QA issues — looping back to Build Agent
[2026-03-31T18:50:28] Stopping dev server (PID 36114)
[2026-03-31T18:50:28] --- Sprint 1, Iteration 2 ---
[2026-03-31T18:50:28] START build_agent-sprint-1-iter-2
[2026-03-31T18:59:52] END build_agent-sprint-1-iter-2 (exit=0, 564s)
[2026-03-31T19:01:08] GATE pytest: PASS
[2026-03-31T19:01:08] Starting dev server: cd frontend && npm run dev (port 5173)
[2026-03-31T19:01:09] Dev server ready (PID 8592)
[2026-03-31T19:01:09] START visual_qa-sprint-1-iter-0
[2026-03-31T19:02:37] END visual_qa-sprint-1-iter-0 (exit=0, 87s)
[2026-03-31T19:02:37] GATE manifest: FAIL — Manifest file does not exist
[2026-03-31T19:02:37] GATE visual_qa: FAIL
[2026-03-31T19:02:37] Visual QA issues — looping back to Build Agent
[2026-03-31T19:02:37] Stopping dev server (PID 8592)
[2026-03-31T19:02:37] --- Sprint 1, Iteration 3 ---
[2026-03-31T19:02:37] START build_agent-sprint-1-iter-3
[2026-03-31T19:09:44] END build_agent-sprint-1-iter-3 (exit=0, 427s)
[2026-03-31T19:11:00] GATE pytest: PASS
[2026-03-31T19:11:00] Starting dev server: cd frontend && npm run dev (port 5173)
[2026-03-31T19:11:01] Dev server ready (PID 66782)
[2026-03-31T19:11:01] START visual_qa-sprint-1-iter-0
[2026-03-31T19:11:47] END visual_qa-sprint-1-iter-0 (exit=0, 47s)
[2026-03-31T19:11:47] GATE manifest: FAIL — Manifest file does not exist
[2026-03-31T19:11:47] GATE visual_qa: FAIL
[2026-03-31T19:11:47] Visual QA issues — looping back to Build Agent
[2026-03-31T19:11:47] Stopping dev server (PID 66782)
[2026-03-31T19:11:47] --- Sprint 1, Iteration 4 ---
[2026-03-31T19:11:47] START build_agent-sprint-1-iter-4
[2026-03-31T19:20:41] END build_agent-sprint-1-iter-4 (exit=0, 534s)
[2026-03-31T19:22:00] GATE pytest: PASS
[2026-03-31T19:22:00] Starting dev server: cd frontend && npm run dev (port 5173)
[2026-03-31T19:22:01] Dev server ready (PID 41965)
[2026-03-31T19:22:01] START visual_qa-sprint-1-iter-0
[2026-03-31T19:22:41] END visual_qa-sprint-1-iter-0 (exit=0, 41s)
[2026-03-31T19:22:41] GATE manifest: FAIL — Manifest file does not exist
[2026-03-31T19:22:41] GATE visual_qa: FAIL
[2026-03-31T19:22:41] Visual QA issues — looping back to Build Agent
[2026-03-31T19:22:41] Stopping dev server (PID 41965)
[2026-03-31T19:22:41] --- Sprint 1, Iteration 5 ---
[2026-03-31T19:22:41] START build_agent-sprint-1-iter-5
[2026-03-31T19:26:07] ============================================================
[2026-03-31T19:26:07] HARNESS v2 — MULTI-SESSION ORCHESTRATOR
[2026-03-31T19:26:07] Work dir:  /Users/steven.tan/Expected Credit Losses/app
[2026-03-31T19:26:07] Target:    9.5/10
[2026-03-31T19:26:07] Model:     default
[2026-03-31T19:26:07] ============================================================
[2026-03-31T19:26:07] Resuming from phase=BUILD_AGENT, sprint=1
[2026-03-31T19:26:07] ============================================================
[2026-03-31T19:26:07] SPRINT 1: Sprint 1: Core Layout & Shared Components (App.tsx, Sidebar, DataTable, Card, KpiCard, CollapsibleSection, ThreeLevelDrillDown, DrillDownChart, ScenarioProductBarChart, ChartTooltip, Toast, ErrorBoundary, ErrorDisplay, ConfirmDialog, StatusBadge, LockedBanner, HelpTooltip, HelpPanel, main.tsx)
[2026-03-31T19:26:07] ============================================================
[2026-03-31T19:26:07] --- Sprint 1, Iteration 1 ---
[2026-03-31T19:26:07] START build_agent-sprint-1-iter-1
[2026-03-31T19:29:12] END build_agent-sprint-1-iter-1 (exit=0, 184s)
[2026-03-31T19:30:27] GATE pytest: PASS
[2026-03-31T19:30:27] Starting dev server: cd frontend && npm run dev (port 5173)
[2026-03-31T19:30:28] Dev server ready (PID 91893)
[2026-03-31T19:30:28] START visual_qa-sprint-1-iter-0
[2026-03-31T19:31:25] END visual_qa-sprint-1-iter-0 (exit=0, 56s)
[2026-03-31T19:31:25] GATE manifest: FAIL — Manifest file does not exist
[2026-03-31T19:31:25] GATE visual_qa: FAIL
[2026-03-31T19:31:25] Visual QA issues — looping back to Build Agent
[2026-03-31T19:31:25] Stopping dev server (PID 91893)
[2026-03-31T19:31:25] --- Sprint 1, Iteration 2 ---
[2026-03-31T19:31:25] START build_agent-sprint-1-iter-2
[2026-03-31T19:36:54] END build_agent-sprint-1-iter-2 (exit=0, 330s)
[2026-03-31T19:38:11] GATE pytest: PASS
[2026-03-31T19:38:11] Starting dev server: cd frontend && npm run dev (port 5173)
[2026-03-31T19:38:12] Dev server ready (PID 43346)
[2026-03-31T19:38:12] START visual_qa-sprint-1-iter-0
[2026-03-31T19:38:52] END visual_qa-sprint-1-iter-0 (exit=0, 40s)
[2026-03-31T19:38:52] GATE manifest: FAIL — Manifest file does not exist
[2026-03-31T19:38:52] GATE visual_qa: FAIL
[2026-03-31T19:38:52] Visual QA issues — looping back to Build Agent
[2026-03-31T19:38:52] Stopping dev server (PID 43346)
[2026-03-31T19:38:52] --- Sprint 1, Iteration 3 ---
[2026-03-31T19:38:52] START build_agent-sprint-1-iter-3
[2026-03-31T19:43:32] END build_agent-sprint-1-iter-3 (exit=0, 280s)
[2026-03-31T19:44:52] GATE pytest: PASS
[2026-03-31T19:44:52] Starting dev server: cd frontend && npm run dev (port 5173)
[2026-03-31T19:44:53] Dev server ready (PID 83249)
[2026-03-31T19:44:53] START visual_qa-sprint-1-iter-0
[2026-03-31T19:45:27] END visual_qa-sprint-1-iter-0 (exit=0, 35s)
[2026-03-31T19:45:27] GATE manifest: FAIL — Manifest file does not exist
[2026-03-31T19:45:27] GATE visual_qa: FAIL
[2026-03-31T19:45:27] Visual QA issues — looping back to Build Agent
[2026-03-31T19:45:27] Stopping dev server (PID 83249)
[2026-03-31T19:45:27] --- Sprint 1, Iteration 4 ---
[2026-03-31T19:45:27] START build_agent-sprint-1-iter-4
[2026-03-31T19:53:19] END build_agent-sprint-1-iter-4 (exit=0, 472s)
[2026-03-31T19:54:36] GATE pytest: PASS
[2026-03-31T19:54:36] Starting dev server: cd frontend && npm run dev (port 5173)
[2026-03-31T19:54:37] Dev server ready (PID 43749)
[2026-03-31T19:54:37] START visual_qa-sprint-1-iter-0
[2026-03-31T19:55:26] END visual_qa-sprint-1-iter-0 (exit=0, 49s)
[2026-03-31T19:55:26] GATE manifest: FAIL — Manifest file does not exist
[2026-03-31T19:55:26] GATE visual_qa: FAIL
[2026-03-31T19:55:26] Visual QA issues — looping back to Build Agent
[2026-03-31T19:55:26] Stopping dev server (PID 43749)
[2026-03-31T19:55:26] --- Sprint 1, Iteration 5 ---
[2026-03-31T19:55:26] START build_agent-sprint-1-iter-5
[2026-03-31T19:59:53] END build_agent-sprint-1-iter-5 (exit=0, 267s)
[2026-03-31T20:01:11] GATE pytest: PASS
[2026-03-31T20:01:11] Starting dev server: cd frontend && npm run dev (port 5173)
[2026-03-31T20:01:12] Dev server ready (PID 73997)
[2026-03-31T20:01:12] START visual_qa-sprint-1-iter-0
[2026-03-31T20:02:05] END visual_qa-sprint-1-iter-0 (exit=0, 53s)
[2026-03-31T20:02:05] GATE manifest: FAIL — Manifest file does not exist
[2026-03-31T20:02:05] GATE visual_qa: FAIL
[2026-03-31T20:02:05] Visual QA issues — looping back to Build Agent
[2026-03-31T20:02:05] Stopping dev server (PID 73997)
[2026-03-31T20:02:05] Sprint 1 PASS (with debt): 0.00/9.5
[2026-03-31T20:02:05] ============================================================
[2026-03-31T20:02:05] SPRINT 2: Sprint 2: Workflow Pages Part 1 (CreateProject, DataProcessing, DataControl, SatelliteModel, ModelExecution, StressTesting, Overlays, SignOff)
[2026-03-31T20:02:05] ============================================================
[2026-03-31T20:02:05] --- Sprint 2, Iteration 1 ---
[2026-03-31T20:02:05] START build_agent-sprint-2-iter-1
[2026-03-31T20:12:20] END build_agent-sprint-2-iter-1 (exit=0, 615s)
[2026-03-31T20:13:35] GATE pytest: PASS
[2026-03-31T20:13:35] Starting dev server: cd frontend && npm run dev (port 5173)
[2026-03-31T20:13:36] Dev server ready (PID 25280)
[2026-03-31T20:13:36] START visual_qa-sprint-2-iter-0
[2026-03-31T20:16:24] END visual_qa-sprint-2-iter-0 (exit=0, 168s)
[2026-03-31T20:16:24] GATE manifest: FAIL — 1 PENDING elements remain in manifest
[2026-03-31T20:16:24] GATE visual_qa: PASS
[2026-03-31T20:16:24] Visual QA issues — looping back to Build Agent
[2026-03-31T20:16:24] Stopping dev server (PID 25280)
[2026-03-31T20:16:24] --- Sprint 2, Iteration 2 ---
[2026-03-31T20:16:24] START build_agent-sprint-2-iter-2
[2026-03-31T20:21:45] END build_agent-sprint-2-iter-2 (exit=0, 321s)
[2026-03-31T20:23:00] GATE pytest: PASS
[2026-03-31T20:23:00] Starting dev server: cd frontend && npm run dev (port 5173)
[2026-03-31T20:23:01] Dev server ready (PID 65542)
[2026-03-31T20:23:01] START visual_qa-sprint-2-iter-0
[2026-03-31T20:23:45] END visual_qa-sprint-2-iter-0 (exit=0, 44s)
[2026-03-31T20:23:45] GATE manifest: FAIL — 1 PENDING elements remain in manifest
[2026-03-31T20:23:45] GATE visual_qa: PASS
[2026-03-31T20:23:45] Visual QA issues — looping back to Build Agent
[2026-03-31T20:23:45] Stopping dev server (PID 65542)
[2026-03-31T20:23:45] --- Sprint 2, Iteration 3 ---
[2026-03-31T20:23:45] START build_agent-sprint-2-iter-3
[2026-03-31T20:32:38] END build_agent-sprint-2-iter-3 (exit=0, 533s)
[2026-03-31T20:33:54] GATE pytest: PASS
[2026-03-31T20:33:54] Starting dev server: cd frontend && npm run dev (port 5173)
[2026-03-31T20:33:55] Dev server ready (PID 3624)
[2026-03-31T20:33:55] START visual_qa-sprint-2-iter-0
[2026-03-31T20:34:42] END visual_qa-sprint-2-iter-0 (exit=0, 47s)
[2026-03-31T20:34:42] GATE manifest: FAIL — 1 PENDING elements remain in manifest
[2026-03-31T20:34:42] GATE visual_qa: PASS
[2026-03-31T20:34:42] Visual QA issues — looping back to Build Agent
[2026-03-31T20:34:42] Stopping dev server (PID 3624)
[2026-03-31T20:34:42] --- Sprint 2, Iteration 4 ---
[2026-03-31T20:34:42] START build_agent-sprint-2-iter-4
[2026-03-31T20:42:57] END build_agent-sprint-2-iter-4 (exit=0, 495s)
[2026-03-31T20:44:12] GATE pytest: PASS
[2026-03-31T20:44:12] Starting dev server: cd frontend && npm run dev (port 5173)
[2026-03-31T20:44:13] Dev server ready (PID 47246)
[2026-03-31T20:44:13] START visual_qa-sprint-2-iter-0
[2026-03-31T20:48:39] END visual_qa-sprint-2-iter-0 (exit=0, 266s)
[2026-03-31T20:48:39] GATE manifest: FAIL — 1 PENDING elements remain in manifest
[2026-03-31T20:48:39] GATE visual_qa: PASS
[2026-03-31T20:48:39] Visual QA issues — looping back to Build Agent
[2026-03-31T20:48:39] Stopping dev server (PID 47246)
[2026-03-31T20:48:39] --- Sprint 2, Iteration 5 ---
[2026-03-31T20:48:39] START build_agent-sprint-2-iter-5
[2026-03-31T20:52:13] END build_agent-sprint-2-iter-5 (exit=0, 213s)
[2026-03-31T20:53:27] GATE pytest: PASS
[2026-03-31T20:53:27] Starting dev server: cd frontend && npm run dev (port 5173)
[2026-03-31T20:53:28] Dev server ready (PID 98519)
[2026-03-31T20:53:28] START visual_qa-sprint-2-iter-0
[2026-03-31T20:55:32] END visual_qa-sprint-2-iter-0 (exit=0, 124s)
[2026-03-31T20:55:32] GATE manifest: FAIL — 1 PENDING elements remain in manifest
[2026-03-31T20:55:32] GATE visual_qa: PASS
[2026-03-31T20:55:32] Visual QA issues — looping back to Build Agent
[2026-03-31T20:55:32] Stopping dev server (PID 98519)
[2026-03-31T20:55:32] Sprint 2 PASS (with debt): 0.00/9.5
[2026-03-31T20:55:32] ============================================================
[2026-03-31T20:55:32] DOCUMENTATION BATCH (after sprint 2)
[2026-03-31T20:55:32] ============================================================
[2026-03-31T20:55:32] Starting dev server: cd frontend && npm run dev (port 5173)
[2026-03-31T20:55:33] Dev server ready (PID 8074)
[2026-03-31T20:55:33] START documentation-sprint-2-iter-0
[2026-03-31T20:55:33] START integration-sprint-2-iter-0
[2026-03-31T21:00:07] END integration-sprint-2-iter-0 (exit=0, 274s)
[2026-03-31T21:00:07] Doc batch agent finished (exit=0)
[2026-03-31T21:00:19] END documentation-sprint-2-iter-0 (exit=0, 285s)
[2026-03-31T21:00:19] Doc batch agent finished (exit=0)
[2026-03-31T21:00:19] Stopping dev server (PID 8074)
[2026-03-31T21:00:19] START installation-sprint-2-iter-0
[2026-03-31T21:08:06] END installation-sprint-2-iter-0 (exit=0, 467s)
[2026-03-31T21:08:06] Documentation batch complete
[2026-03-31T21:08:06] ============================================================
[2026-03-31T21:08:06] SPRINT 3: Sprint 4: Data Mapping Module (index, SourceBrowser, ColumnMapper, ValidationStep, ApplyStep, StatusCards, types, DataMapping)
[2026-03-31T21:08:06] ============================================================
[2026-03-31T21:08:06] --- Sprint 3, Iteration 1 ---
[2026-03-31T21:08:06] START build_agent-sprint-3-iter-1
[2026-03-31T21:16:50] END build_agent-sprint-3-iter-1 (exit=0, 523s)
[2026-03-31T21:18:04] GATE pytest: PASS
[2026-03-31T21:18:04] Starting dev server: cd frontend && npm run dev (port 5173)
[2026-03-31T21:18:05] Dev server ready (PID 15615)
[2026-03-31T21:18:05] START visual_qa-sprint-3-iter-0
[2026-03-31T21:18:52] END visual_qa-sprint-3-iter-0 (exit=0, 47s)
[2026-03-31T21:18:52] GATE manifest: FAIL — Manifest file does not exist
[2026-03-31T21:18:52] GATE visual_qa: FAIL
[2026-03-31T21:18:52] Visual QA issues — looping back to Build Agent
[2026-03-31T21:18:52] Stopping dev server (PID 15615)
[2026-03-31T21:18:52] --- Sprint 3, Iteration 2 ---
[2026-03-31T21:18:52] START build_agent-sprint-3-iter-2
[2026-03-31T21:33:09] ============================================================
[2026-03-31T21:33:09] HARNESS v2 — MULTI-SESSION ORCHESTRATOR
[2026-03-31T21:33:09] Work dir:  /Users/steven.tan/Expected Credit Losses/app
[2026-03-31T21:33:09] Target:    9.5/10
[2026-03-31T21:33:09] Model:     default
[2026-03-31T21:33:09] ============================================================
[2026-03-31T21:33:09] Resuming from phase=BUILD_AGENT, sprint=3
[2026-03-31T21:33:09] ============================================================
[2026-03-31T21:33:09] SPRINT 3: Sprint 4: Data Mapping Module (index, SourceBrowser, ColumnMapper, ValidationStep, ApplyStep, StatusCards, types, DataMapping)
[2026-03-31T21:33:09] ============================================================
[2026-03-31T21:33:09] --- Sprint 3, Iteration 1 ---
[2026-03-31T21:33:09] START build_agent-sprint-3-iter-1
[2026-03-31T21:36:23] END build_agent-sprint-3-iter-1 (exit=0, 195s)
[2026-03-31T21:37:39] GATE pytest: PASS
[2026-03-31T21:37:39] Starting dev server: cd frontend && npm run dev (port 5173)
[2026-03-31T21:37:41] Dev server ready (PID 6659)
[2026-03-31T21:37:41] START visual_qa-sprint-3-iter-0
[2026-03-31T21:38:53] END visual_qa-sprint-3-iter-0 (exit=0, 72s)
[2026-03-31T21:38:53] GATE manifest: PASS — Soft pass: manifest file does not exist (no browser access)
[2026-03-31T21:38:53] GATE visual_qa: FAIL
[2026-03-31T21:38:53] Visual QA issues — looping back to Build Agent
[2026-03-31T21:38:53] Stopping dev server (PID 6659)
[2026-03-31T21:38:53] --- Sprint 3, Iteration 2 ---
[2026-03-31T21:38:53] START build_agent-sprint-3-iter-2
[2026-03-31T21:45:28] END build_agent-sprint-3-iter-2 (exit=143, 395s)
[2026-03-31T21:45:35] ============================================================
[2026-03-31T21:45:35] HARNESS v2 — MULTI-SESSION ORCHESTRATOR
[2026-03-31T21:45:35] Work dir:  /Users/steven.tan/Expected Credit Losses/app
[2026-03-31T21:45:35] Target:    9.5/10
[2026-03-31T21:45:35] Model:     default
[2026-03-31T21:45:35] ============================================================
[2026-03-31T21:45:35] Resuming from phase=BUILD_AGENT, sprint=3
[2026-03-31T21:45:35] ============================================================
[2026-03-31T21:45:35] SPRINT 3: Sprint 4: Data Mapping Module (index, SourceBrowser, ColumnMapper, ValidationStep, ApplyStep, StatusCards, types, DataMapping)
[2026-03-31T21:45:35] ============================================================
[2026-03-31T21:45:35] --- Sprint 3, Iteration 1 ---
[2026-03-31T21:45:35] START build_agent-sprint-3-iter-1
[2026-03-31T21:46:43] GATE pytest: PASS
[2026-03-31T21:46:43] Starting dev server: cd frontend && npm run dev (port 5173)
[2026-03-31T21:46:44] Dev server ready (PID 53058)
[2026-03-31T21:46:44] START visual_qa-sprint-3-iter-0
[2026-03-31T21:47:31] END visual_qa-sprint-3-iter-0 (exit=0, 47s)
[2026-03-31T21:47:31] GATE manifest: PASS — Soft pass: manifest file does not exist (no browser access)
[2026-03-31T21:47:31] GATE visual_qa: FAIL
[2026-03-31T21:47:31] Visual QA issues — looping back to Build Agent
[2026-03-31T21:47:31] Stopping dev server (PID 53058)
[2026-03-31T21:47:31] --- Sprint 3, Iteration 3 ---
[2026-03-31T21:47:31] START build_agent-sprint-3-iter-3
[2026-03-31T21:48:34] END build_agent-sprint-3-iter-1 (exit=0, 179s)
[2026-03-31T21:49:49] GATE pytest: PASS
[2026-03-31T21:49:49] Starting dev server: cd frontend && npm run dev (port 5173)
[2026-03-31T21:49:50] Dev server ready (PID 67662)
[2026-03-31T21:49:50] START visual_qa-sprint-3-iter-0
[2026-03-31T21:50:28] END visual_qa-sprint-3-iter-0 (exit=0, 37s)
[2026-03-31T21:50:28] GATE manifest: PASS — Soft pass: manifest file does not exist (no browser access)
[2026-03-31T21:50:28] GATE visual_qa: PASS
[2026-03-31T21:50:28] START evaluator-sprint-3-iter-0
[2026-03-31T21:54:03] END build_agent-sprint-3-iter-3 (exit=0, 392s)
[2026-03-31T21:55:17] END evaluator-sprint-3-iter-0 (exit=0, 289s)
[2026-03-31T21:55:17] Stopping dev server (PID 67662)
[2026-03-31T21:55:17] GATE eval_score: 9.35/9.5 — FAIL
[2026-03-31T21:55:17] Score trajectory: [9.35]
[2026-03-31T21:55:17] --- Sprint 3, Iteration 2 ---
[2026-03-31T21:55:17] START build_agent-sprint-3-iter-2
[2026-03-31T21:55:26] GATE pytest: PASS
[2026-03-31T21:55:26] Starting dev server: cd frontend && npm run dev (port 5173)
[2026-03-31T21:55:27] Dev server ready (PID 94388)
[2026-03-31T21:55:27] START visual_qa-sprint-3-iter-0
[2026-03-31T21:56:47] END visual_qa-sprint-3-iter-0 (exit=0, 81s)
[2026-03-31T21:56:47] GATE manifest: PASS — Soft pass: manifest file does not exist (no browser access)
[2026-03-31T21:56:47] GATE visual_qa: FAIL
[2026-03-31T21:56:47] Visual QA issues — looping back to Build Agent
[2026-03-31T21:56:47] Stopping dev server (PID 94388)
[2026-03-31T21:56:47] --- Sprint 3, Iteration 4 ---
[2026-03-31T21:56:47] START build_agent-sprint-3-iter-4
[2026-03-31T21:59:55] END build_agent-sprint-3-iter-2 (exit=0, 278s)
[2026-03-31T22:01:12] GATE pytest: PASS
[2026-03-31T22:01:12] Starting dev server: cd frontend && npm run dev (port 5173)
[2026-03-31T22:01:14] Dev server ready (PID 22463)
[2026-03-31T22:01:14] START visual_qa-sprint-3-iter-0
[2026-03-31T22:31:14] TIMEOUT visual_qa-sprint-3-iter-0 after 1800s
[2026-03-31T22:31:14] GATE manifest: PASS — Soft pass: manifest file does not exist (no browser access)
[2026-03-31T22:31:14] GATE visual_qa: PASS
[2026-03-31T22:31:14] START evaluator-sprint-3-iter-0
[2026-03-31T22:35:37] END evaluator-sprint-3-iter-0 (exit=0, 263s)
[2026-03-31T22:35:37] Stopping dev server (PID 22463)
[2026-03-31T22:35:37] GATE eval_score: 9.18/9.5 — FAIL
[2026-03-31T22:35:37] Score trajectory: [9.35, 9.18]
[2026-03-31T22:35:37] --- Sprint 3, Iteration 3 ---
[2026-03-31T22:35:37] START build_agent-sprint-3-iter-3
[2026-03-31T22:40:54] END build_agent-sprint-3-iter-3 (exit=0, 317s)
[2026-03-31T22:42:10] GATE pytest: PASS
[2026-03-31T22:42:10] Starting dev server: cd frontend && npm run dev (port 5173)
[2026-03-31T22:42:11] Dev server ready (PID 84532)
[2026-03-31T22:42:11] START visual_qa-sprint-3-iter-0
[2026-03-31T22:42:51] END visual_qa-sprint-3-iter-0 (exit=0, 40s)
[2026-03-31T22:42:51] GATE manifest: PASS — Soft pass: manifest file does not exist (no browser access)
[2026-03-31T22:42:51] GATE visual_qa: PASS
[2026-03-31T22:42:51] START evaluator-sprint-3-iter-0
[2026-03-31T22:48:24] END evaluator-sprint-3-iter-0 (exit=0, 334s)
[2026-03-31T22:48:24] Stopping dev server (PID 84532)
[2026-03-31T22:48:24] GATE eval_score: 9.63/9.5 — PASS
[2026-03-31T22:48:24] Score trajectory: [9.35, 9.18, 9.63]
[2026-03-31T22:48:24] Sprint 3 PASS: 9.63/9.5
[2026-03-31T22:48:24] ============================================================
[2026-03-31T22:48:24] SPRINT 4: Sprint 5: Admin Sub-pages + Stress Testing Tabs (AdminAppSettings, AdminDataMappings, AdminModelConfig, AdminSystemConfig, AdminThemeConfig, AdminJobsConfig, stress-testing/index, SensitivityTab, MonteCarloTab, ConcentrationTab, MigrationTab, VintageTab, CapitalImpact)
[2026-03-31T22:48:24] ============================================================
[2026-03-31T22:48:24] --- Sprint 4, Iteration 1 ---
[2026-03-31T22:48:24] START build_agent-sprint-4-iter-1
[2026-03-31T22:54:28] END build_agent-sprint-4-iter-1 (exit=0, 363s)
[2026-03-31T22:55:44] GATE pytest: PASS
[2026-03-31T22:55:44] Starting dev server: cd frontend && npm run dev (port 5173)
[2026-03-31T22:55:45] Dev server ready (PID 39025)
[2026-03-31T22:55:45] START visual_qa-sprint-4-iter-0
[2026-03-31T22:56:39] END visual_qa-sprint-4-iter-0 (exit=0, 53s)
[2026-03-31T22:56:39] GATE manifest: PASS — Soft pass: manifest file does not exist (no browser access)
[2026-03-31T22:56:39] GATE visual_qa: PASS
[2026-03-31T22:56:39] START evaluator-sprint-4-iter-0
[2026-03-31T23:00:37] END evaluator-sprint-4-iter-0 (exit=0, 238s)
[2026-03-31T23:00:37] Stopping dev server (PID 39025)
[2026-03-31T23:00:37] GATE eval_score: 9.78/9.5 — PASS
[2026-03-31T23:00:37] Score trajectory: [9.78]
[2026-03-31T23:00:37] Sprint 4 PASS: 9.78/9.5
[2026-03-31T23:00:37] ============================================================
[2026-03-31T23:00:37] DOCUMENTATION BATCH (after sprint 4)
[2026-03-31T23:00:37] ============================================================
[2026-03-31T23:00:37] Starting dev server: cd frontend && npm run dev (port 5173)
[2026-03-31T23:00:38] Dev server ready (PID 55047)
[2026-03-31T23:00:38] START integration-sprint-4-iter-0
[2026-03-31T23:00:38] START documentation-sprint-4-iter-0
[2026-03-31T23:07:05] END documentation-sprint-4-iter-0 (exit=0, 387s)
[2026-03-31T23:07:05] Doc batch agent finished (exit=0)
[2026-03-31T23:08:14] END integration-sprint-4-iter-0 (exit=0, 456s)
[2026-03-31T23:08:14] Doc batch agent finished (exit=0)
[2026-03-31T23:08:14] Stopping dev server (PID 55047)
[2026-03-31T23:08:14] START installation-sprint-4-iter-0
[2026-03-31T23:15:02] END installation-sprint-4-iter-0 (exit=0, 408s)
[2026-03-31T23:15:03] Documentation batch complete
[2026-03-31T23:15:03] ============================================================
[2026-03-31T23:15:03] SPRINT 5: Sprint 6: Remaining Components + SetupWizard (SetupWizard, SimulationPanel, SimulationResults, SimulationProgress, ApprovalForm, Stepper, PageHeader, PageLoader, EmptyState, ScenarioChecklist, StepDescription, NotebookLink, JobRunLink)
[2026-03-31T23:15:03] ============================================================
[2026-03-31T23:15:03] --- Sprint 5, Iteration 1 ---
[2026-03-31T23:15:03] START build_agent-sprint-5-iter-1
[2026-03-31T23:30:50] END build_agent-sprint-5-iter-1 (exit=0, 947s)
[2026-03-31T23:32:06] GATE pytest: PASS
[2026-03-31T23:32:06] Starting dev server: cd frontend && npm run dev (port 5173)
[2026-03-31T23:32:07] Dev server ready (PID 80561)
[2026-03-31T23:32:07] START visual_qa-sprint-5-iter-0
[2026-03-31T23:32:45] END visual_qa-sprint-5-iter-0 (exit=0, 38s)
[2026-03-31T23:32:45] GATE manifest: PASS — Soft pass: manifest file does not exist (no browser access)
[2026-03-31T23:32:45] GATE visual_qa: PASS
[2026-03-31T23:32:45] START evaluator-sprint-5-iter-0
[2026-03-31T23:38:09] END evaluator-sprint-5-iter-0 (exit=0, 324s)
[2026-03-31T23:38:09] Stopping dev server (PID 80561)
[2026-03-31T23:38:09] GATE eval_score: 6.95/9.5 — FAIL
[2026-03-31T23:38:09] Score trajectory: [6.95]
[2026-03-31T23:38:09] --- Sprint 5, Iteration 2 ---
[2026-03-31T23:38:09] START build_agent-sprint-5-iter-2
[2026-03-31T23:50:01] END build_agent-sprint-5-iter-2 (exit=0, 712s)
[2026-03-31T23:51:18] GATE pytest: PASS
[2026-03-31T23:51:18] Starting dev server: cd frontend && npm run dev (port 5173)
[2026-03-31T23:51:19] Dev server ready (PID 61933)
[2026-03-31T23:51:19] START visual_qa-sprint-5-iter-0
[2026-03-31T23:52:13] END visual_qa-sprint-5-iter-0 (exit=0, 54s)
[2026-03-31T23:52:13] GATE manifest: PASS — Soft pass: manifest file does not exist (no browser access)
[2026-03-31T23:52:13] GATE visual_qa: PASS
[2026-03-31T23:52:13] START evaluator-sprint-5-iter-0
[2026-03-31T23:57:12] END evaluator-sprint-5-iter-0 (exit=0, 300s)
[2026-03-31T23:57:12] Stopping dev server (PID 61933)
[2026-03-31T23:57:12] GATE eval_score: 9.18/9.5 — FAIL
[2026-03-31T23:57:12] Score trajectory: [6.95, 9.18]
[2026-03-31T23:57:12] --- Sprint 5, Iteration 3 ---
[2026-03-31T23:57:12] START build_agent-sprint-5-iter-3
[2026-04-01T00:09:12] END build_agent-sprint-5-iter-3 (exit=1, 720s)
[2026-04-01T00:11:12] GATE pytest: FAIL
[2026-04-01T00:11:12] Tests failing — looping back to Build Agent
[2026-04-01T00:11:12] --- Sprint 5, Iteration 4 ---
[2026-04-01T00:11:12] START build_agent-sprint-5-iter-4
[2026-04-01T00:14:46] END build_agent-sprint-5-iter-4 (exit=1, 214s)
[2026-04-01T00:16:46] GATE pytest: FAIL
[2026-04-01T00:16:46] Tests failing — looping back to Build Agent
[2026-04-01T00:16:46] --- Sprint 5, Iteration 5 ---
[2026-04-01T00:16:46] START build_agent-sprint-5-iter-5
[2026-04-01T00:20:17] END build_agent-sprint-5-iter-5 (exit=1, 211s)
[2026-04-01T00:22:17] GATE pytest: FAIL
[2026-04-01T00:22:17] Tests failing — looping back to Build Agent
[2026-04-01T00:22:17] Sprint 5 PASS (with debt): 9.18/9.5
[2026-04-01T00:22:17] ============================================================
[2026-04-01T00:22:17] SPRINT 6: Sprint 7: Final Regression + Visual Verification
[2026-04-01T00:22:17] ============================================================
[2026-04-01T00:22:17] --- Sprint 6, Iteration 1 ---
[2026-04-01T00:22:17] START build_agent-sprint-6-iter-1
[2026-04-01T00:25:43] END build_agent-sprint-6-iter-1 (exit=1, 206s)
[2026-04-01T00:27:44] GATE pytest: FAIL
[2026-04-01T00:27:44] Tests failing — looping back to Build Agent
[2026-04-01T00:27:44] --- Sprint 6, Iteration 2 ---
[2026-04-01T00:27:44] START build_agent-sprint-6-iter-2
[2026-04-01T00:31:14] END build_agent-sprint-6-iter-2 (exit=1, 211s)
[2026-04-01T00:33:14] GATE pytest: FAIL
[2026-04-01T00:33:14] Tests failing — looping back to Build Agent
[2026-04-01T00:33:14] --- Sprint 6, Iteration 3 ---
[2026-04-01T00:33:14] START build_agent-sprint-6-iter-3
[2026-04-01T00:36:42] END build_agent-sprint-6-iter-3 (exit=1, 208s)
[2026-04-01T00:38:42] GATE pytest: FAIL
[2026-04-01T00:38:42] Tests failing — looping back to Build Agent
[2026-04-01T00:38:42] --- Sprint 6, Iteration 4 ---
[2026-04-01T00:38:42] START build_agent-sprint-6-iter-4
[2026-04-01T00:42:10] END build_agent-sprint-6-iter-4 (exit=1, 208s)
[2026-04-01T00:44:10] GATE pytest: FAIL
[2026-04-01T00:44:10] Tests failing — looping back to Build Agent
[2026-04-01T00:44:10] --- Sprint 6, Iteration 5 ---
[2026-04-01T00:44:10] START build_agent-sprint-6-iter-5
[2026-04-01T00:47:46] END build_agent-sprint-6-iter-5 (exit=1, 216s)
[2026-04-01T00:49:46] GATE pytest: FAIL
[2026-04-01T00:49:46] Tests failing — looping back to Build Agent
[2026-04-01T00:49:46] Sprint 6 PASS (with debt): 0.00/9.5
[2026-04-01T00:49:46] ============================================================
[2026-04-01T00:49:46] DOCUMENTATION BATCH (after sprint 6)
[2026-04-01T00:49:46] ============================================================
[2026-04-01T00:49:46] Starting dev server: cd frontend && npm run dev (port 5173)
[2026-04-01T00:49:47] Dev server ready (PID 25782)
[2026-04-01T00:49:47] START documentation-sprint-6-iter-0
[2026-04-01T00:49:47] START integration-sprint-6-iter-0
[2026-04-01T00:53:23] END integration-sprint-6-iter-0 (exit=1, 216s)
[2026-04-01T00:53:23] Doc batch agent finished (exit=1)
[2026-04-01T00:53:26] END documentation-sprint-6-iter-0 (exit=1, 219s)
[2026-04-01T00:53:26] Doc batch agent finished (exit=1)
[2026-04-01T00:53:26] Stopping dev server (PID 25782)
[2026-04-01T00:53:26] START installation-sprint-6-iter-0
[2026-04-01T00:57:00] END installation-sprint-6-iter-0 (exit=1, 214s)
[2026-04-01T00:57:01] Documentation batch complete
[2026-04-01T00:57:01] ============================================================
[2026-04-01T00:57:01] FINAL INTEGRATION EVALUATION
[2026-04-01T00:57:01] ============================================================
[2026-04-01T00:57:01] Starting dev server: cd frontend && npm run dev (port 5173)
[2026-04-01T00:57:02] Dev server ready (PID 44466)
[2026-04-01T00:57:02] START final_evaluation-sprint-999-iter-0
[2026-04-01T01:00:36] END final_evaluation-sprint-999-iter-0 (exit=1, 214s)
[2026-04-01T01:00:36] Stopping dev server (PID 44466)
[2026-04-01T01:00:36] FINAL SCORE: 0.00/9.5
[2026-04-01T01:00:36] Final eval failed (0.00 < 9.5)
[2026-04-01T01:00:36] Dynamic sprints needed — check final-integration-eval.md for details
[2026-04-01T18:58:15] ============================================================
[2026-04-01T18:58:15] HARNESS v2 — MULTI-SESSION ORCHESTRATOR
[2026-04-01T18:58:15] Work dir:  /Users/steven.tan/Expected Credit Losses/app
[2026-04-01T18:58:15] Target:    9.5/10
[2026-04-01T18:58:15] Model:     default
[2026-04-01T18:58:15] ============================================================
[2026-04-01T18:58:15] Resuming from phase=BUILD_AGENT, sprint=7
[2026-04-01T18:58:15] ============================================================
[2026-04-01T18:58:15] FINAL INTEGRATION EVALUATION
[2026-04-01T18:58:15] ============================================================
[2026-04-01T18:58:15] Starting dev server: cd frontend && npm run dev (port 5173)
[2026-04-01T18:58:16] Dev server ready (PID 62428)
[2026-04-01T18:58:16] START final_evaluation-sprint-999-iter-0
[2026-04-01T19:06:50] END final_evaluation-sprint-999-iter-0 (exit=0, 514s)
[2026-04-01T19:06:50] Stopping dev server (PID 62428)
[2026-04-01T19:06:50] FINAL SCORE: 5.50/9.5
[2026-04-01T19:06:50] Final eval failed (5.50 < 9.5)
[2026-04-01T19:06:50] Dynamic sprints needed — check final-integration-eval.md for details
[2026-04-01T19:07:35] ============================================================
[2026-04-01T19:07:35] HARNESS v2 — MULTI-SESSION ORCHESTRATOR
[2026-04-01T19:07:35] Work dir:  /Users/steven.tan/Expected Credit Losses/app
[2026-04-01T19:07:35] Target:    9.5/10
[2026-04-01T19:07:35] Model:     default
[2026-04-01T19:07:35] ============================================================
[2026-04-01T19:07:35] Resuming from phase=BUILD_AGENT, sprint=7
[2026-04-01T19:07:35] ============================================================
[2026-04-01T19:07:35] SPRINT 7: Dynamic Sprint A: SetupWizard.tsx theme audit (74 violations)
[2026-04-01T19:07:35] ============================================================
[2026-04-01T19:07:35] --- Sprint 7, Iteration 1 ---
[2026-04-01T19:07:35] START build_agent-sprint-7-iter-1
[2026-04-01T19:17:56] END build_agent-sprint-7-iter-1 (exit=0, 621s)
[2026-04-01T19:19:13] GATE pytest: PASS
[2026-04-01T19:19:13] Starting dev server: cd frontend && npm run dev (port 5173)
[2026-04-01T19:19:14] Dev server ready (PID 48290)
[2026-04-01T19:19:14] START visual_qa-sprint-7-iter-0
[2026-04-01T19:31:02] END visual_qa-sprint-7-iter-0 (exit=0, 708s)
[2026-04-01T19:31:02] GATE manifest: PASS — Manifest complete. 74 tested, 0 bugs, 1 skipped.
[2026-04-01T19:31:02] GATE visual_qa: PASS
[2026-04-01T19:31:02] START evaluator-sprint-7-iter-0
[2026-04-01T19:36:37] END evaluator-sprint-7-iter-0 (exit=0, 335s)
[2026-04-01T19:36:37] Stopping dev server (PID 48290)
[2026-04-01T19:36:37] GATE eval_score: 9.75/9.5 — PASS
[2026-04-01T19:36:37] Score trajectory: [9.75]
[2026-04-01T19:36:37] Sprint 7 PASS: 9.75/9.5
[2026-04-01T19:36:37] ============================================================
[2026-04-01T19:36:37] SPRINT 8: Dynamic Sprint C: Final regression + visual verification
[2026-04-01T19:36:37] ============================================================
[2026-04-01T19:36:37] --- Sprint 8, Iteration 1 ---
[2026-04-01T19:36:37] START build_agent-sprint-8-iter-1
[2026-04-01T19:51:58] END build_agent-sprint-8-iter-1 (exit=0, 921s)
[2026-04-01T19:53:15] GATE pytest: PASS
[2026-04-01T19:53:15] Starting dev server: cd frontend && npm run dev (port 5173)
[2026-04-01T19:53:16] Dev server ready (PID 97467)
[2026-04-01T19:53:16] START visual_qa-sprint-8-iter-0
[2026-04-01T19:57:14] END visual_qa-sprint-8-iter-0 (exit=0, 238s)
[2026-04-01T19:57:14] GATE manifest: FAIL — 1 PENDING elements remain in manifest
[2026-04-01T19:57:14] GATE visual_qa: PASS
[2026-04-01T19:57:14] Visual QA issues — looping back to Build Agent
[2026-04-01T19:57:14] Stopping dev server (PID 97467)
[2026-04-01T19:57:14] --- Sprint 8, Iteration 2 ---
[2026-04-01T19:57:14] START build_agent-sprint-8-iter-2
[2026-04-01T20:10:14] END build_agent-sprint-8-iter-2 (exit=0, 780s)
[2026-04-01T20:11:29] GATE pytest: PASS
[2026-04-01T20:11:29] Starting dev server: cd frontend && npm run dev (port 5173)
[2026-04-01T20:11:30] Dev server ready (PID 72556)
[2026-04-01T20:11:30] START visual_qa-sprint-8-iter-0
[2026-04-01T20:41:30] TIMEOUT visual_qa-sprint-8-iter-0 after 1800s
[2026-04-01T20:41:30] GATE manifest: FAIL — 2 PENDING elements remain in manifest
[2026-04-01T20:41:30] GATE visual_qa: PASS
[2026-04-01T20:41:30] Visual QA issues — looping back to Build Agent
[2026-04-01T20:41:30] Stopping dev server (PID 72556)
[2026-04-01T20:41:30] --- Sprint 8, Iteration 3 ---
[2026-04-01T20:41:30] START build_agent-sprint-8-iter-3
[2026-04-02T08:49:13] ============================================================
[2026-04-02T08:49:13] HARNESS v2 — MULTI-SESSION ORCHESTRATOR
[2026-04-02T08:49:13] Work dir:  /Users/steven.tan/Expected Credit Losses/app
[2026-04-02T08:49:13] Target:    9.5/10
[2026-04-02T08:49:13] Model:     default
[2026-04-02T08:49:13] ============================================================
[2026-04-02T08:49:13] Harness already complete. Nothing to do.
[2026-04-02T08:50:09] ============================================================
[2026-04-02T08:50:09] HARNESS v2 — MULTI-SESSION ORCHESTRATOR
[2026-04-02T08:50:09] Work dir:  /Users/steven.tan/Expected Credit Losses/app
[2026-04-02T08:50:09] Target:    9.5/10
[2026-04-02T08:50:09] Model:     default
[2026-04-02T08:50:09] ============================================================
[2026-04-02T08:50:09] ============================================================
[2026-04-02T08:50:09] PHASE 1: SPEC AGENT
[2026-04-02T08:50:09] ============================================================
[2026-04-02T08:50:09] START spec_agent-sprint-0-iter-0
[2026-04-02T08:55:59] END spec_agent-sprint-0-iter-0 (exit=0, 350s)
[2026-04-02T08:55:59] Spec phase complete
[2026-04-02T08:55:59] ============================================================
[2026-04-02T08:55:59] SPRINT 1: Sprint 1: Backend API — Core Workflow & Data Endpoints (42+ endpoints)
[2026-04-02T08:55:59] ============================================================
[2026-04-02T08:55:59] --- Sprint 1, Iteration 1 ---
[2026-04-02T08:55:59] START build_agent-sprint-1-iter-1
[2026-04-02T09:03:54] END build_agent-sprint-1-iter-1 (exit=0, 476s)
[2026-04-02T09:05:48] GATE pytest: PASS
[2026-04-02T09:05:48] Starting dev server: cd '/Users/steven.tan/Expected Credit Losses/app' && python -m uvicorn app:app --reload --port 8000 (port 8000)
[2026-04-02T09:05:48] Dev server ready (PID 59928)
[2026-04-02T09:05:48] START visual_qa-sprint-1-iter-0
[2026-04-02T09:21:55] END visual_qa-sprint-1-iter-0 (exit=0, 966s)
[2026-04-02T09:21:55] GATE manifest: FAIL — 2 PENDING elements remain in manifest
[2026-04-02T09:21:55] GATE visual_qa: PASS
[2026-04-02T09:21:55] Visual QA issues — looping back to Build Agent
[2026-04-02T09:21:55] Stopping dev server (PID 59928)
[2026-04-02T09:21:55] --- Sprint 1, Iteration 2 ---
[2026-04-02T09:21:55] START build_agent-sprint-1-iter-2
[2026-04-02T09:29:02] END build_agent-sprint-1-iter-2 (exit=0, 427s)
[2026-04-02T09:30:55] GATE pytest: PASS
[2026-04-02T09:30:55] Starting dev server: cd '/Users/steven.tan/Expected Credit Losses/app' && python -m uvicorn app:app --reload --port 8000 (port 8000)
[2026-04-02T09:30:55] Dev server ready (PID 45959)
[2026-04-02T09:30:55] START visual_qa-sprint-1-iter-0
[2026-04-02T09:35:57] END visual_qa-sprint-1-iter-0 (exit=0, 302s)
[2026-04-02T09:35:57] GATE manifest: FAIL — 2 PENDING elements remain in manifest
[2026-04-02T09:35:57] GATE visual_qa: PASS
[2026-04-02T09:35:57] Visual QA issues — looping back to Build Agent
[2026-04-02T09:35:57] Stopping dev server (PID 45959)
[2026-04-02T09:35:57] --- Sprint 1, Iteration 3 ---
[2026-04-02T09:35:57] START build_agent-sprint-1-iter-3
[2026-04-02T09:43:25] END build_agent-sprint-1-iter-3 (exit=0, 448s)
[2026-04-02T09:45:18] GATE pytest: PASS
[2026-04-02T09:45:18] Starting dev server: cd '/Users/steven.tan/Expected Credit Losses/app' && python -m uvicorn app:app --reload --port 8000 (port 8000)
[2026-04-02T09:45:18] Dev server ready (PID 89883)
[2026-04-02T09:45:18] START visual_qa-sprint-1-iter-0
[2026-04-02T09:49:46] END visual_qa-sprint-1-iter-0 (exit=0, 268s)
[2026-04-02T09:49:46] GATE manifest: FAIL — 2 PENDING elements remain in manifest
[2026-04-02T09:49:46] GATE visual_qa: PASS
[2026-04-02T09:49:46] Visual QA issues — looping back to Build Agent
[2026-04-02T09:49:46] Stopping dev server (PID 89883)
[2026-04-02T09:49:46] --- Sprint 1, Iteration 4 ---
[2026-04-02T09:49:46] START build_agent-sprint-1-iter-4
[2026-04-02T09:58:44] END build_agent-sprint-1-iter-4 (exit=0, 537s)
[2026-04-02T10:00:37] GATE pytest: PASS
[2026-04-02T10:00:37] Starting dev server: cd '/Users/steven.tan/Expected Credit Losses/app' && python -m uvicorn app:app --reload --port 8000 (port 8000)
[2026-04-02T10:00:37] Dev server ready (PID 41419)
[2026-04-02T10:00:37] START visual_qa-sprint-1-iter-0
[2026-04-02T10:03:46] END visual_qa-sprint-1-iter-0 (exit=0, 189s)
[2026-04-02T10:03:46] GATE manifest: FAIL — 2 PENDING elements remain in manifest
[2026-04-02T10:03:46] GATE visual_qa: PASS
[2026-04-02T10:03:46] Visual QA issues — looping back to Build Agent
[2026-04-02T10:03:46] Stopping dev server (PID 41419)
[2026-04-02T10:03:46] --- Sprint 1, Iteration 5 ---
[2026-04-02T10:03:46] START build_agent-sprint-1-iter-5
[2026-04-02T10:12:30] END build_agent-sprint-1-iter-5 (exit=0, 524s)
[2026-04-02T10:14:24] GATE pytest: PASS
[2026-04-02T10:14:24] Starting dev server: cd '/Users/steven.tan/Expected Credit Losses/app' && python -m uvicorn app:app --reload --port 8000 (port 8000)
[2026-04-02T10:14:24] Dev server ready (PID 84131)
[2026-04-02T10:14:24] START visual_qa-sprint-1-iter-0
[2026-04-02T10:22:12] END visual_qa-sprint-1-iter-0 (exit=0, 468s)
[2026-04-02T10:22:12] GATE manifest: FAIL — 2 PENDING elements remain in manifest
[2026-04-02T10:22:12] GATE visual_qa: PASS
[2026-04-02T10:22:12] Visual QA issues — looping back to Build Agent
[2026-04-02T10:22:12] Stopping dev server (PID 84131)
[2026-04-02T10:22:12] Sprint 1 PASS (with debt): 0.00/9.5
[2026-04-02T10:22:12] ============================================================
[2026-04-02T10:22:12] SPRINT 2: Sprint 2: Backend API — Simulation & Satellite Model (18+ endpoints)
[2026-04-02T10:22:12] ============================================================
[2026-04-02T10:22:12] --- Sprint 2, Iteration 1 ---
[2026-04-02T10:22:12] START build_agent-sprint-2-iter-1
[2026-04-02T10:33:13] END build_agent-sprint-2-iter-1 (exit=0, 661s)
[2026-04-02T10:35:10] GATE pytest: PASS
[2026-04-02T10:35:10] Starting dev server: cd '/Users/steven.tan/Expected Credit Losses/app' && python -m uvicorn app:app --reload --port 8000 (port 8000)
[2026-04-02T10:35:10] Dev server ready (PID 50816)
[2026-04-02T10:35:10] START visual_qa-sprint-2-iter-0
[2026-04-02T10:39:55] END visual_qa-sprint-2-iter-0 (exit=0, 285s)
[2026-04-02T10:39:55] GATE manifest: PASS — Manifest complete. 26 tested, 0 bugs, 0 skipped.
[2026-04-02T10:39:55] GATE visual_qa: PASS
[2026-04-02T10:39:55] START evaluator-sprint-2-iter-0
[2026-04-02T10:46:18] END evaluator-sprint-2-iter-0 (exit=0, 383s)
[2026-04-02T10:46:18] Stopping dev server (PID 50816)
[2026-04-02T10:46:18] GATE eval_score: 9.41/9.5 — FAIL
[2026-04-02T10:46:18] Score trajectory: [9.41]
[2026-04-02T10:46:18] --- Sprint 2, Iteration 2 ---
[2026-04-02T10:46:18] START build_agent-sprint-2-iter-2
[2026-04-02T10:52:25] END build_agent-sprint-2-iter-2 (exit=0, 367s)
[2026-04-02T10:54:20] GATE pytest: PASS
[2026-04-02T10:54:20] Starting dev server: cd '/Users/steven.tan/Expected Credit Losses/app' && python -m uvicorn app:app --reload --port 8000 (port 8000)
[2026-04-02T10:54:20] Dev server ready (PID 16985)
[2026-04-02T10:54:20] START visual_qa-sprint-2-iter-0
[2026-04-02T11:01:56] END visual_qa-sprint-2-iter-0 (exit=0, 457s)
[2026-04-02T11:01:56] GATE manifest: PASS — Manifest complete. 28 tested, 0 bugs, 1 skipped.
[2026-04-02T11:01:56] GATE visual_qa: PASS
[2026-04-02T11:01:56] START evaluator-sprint-2-iter-0
[2026-04-02T11:09:29] END evaluator-sprint-2-iter-0 (exit=0, 453s)
[2026-04-02T11:09:29] Stopping dev server (PID 16985)
[2026-04-02T11:09:29] GATE eval_score: 9.81/9.5 — PASS
[2026-04-02T11:09:29] Score trajectory: [9.41, 9.81]
[2026-04-02T11:09:29] Sprint 2 PASS: 9.81/9.5
[2026-04-02T11:09:29] ============================================================
[2026-04-02T11:09:29] SPRINT 3: Sprint 4: Backend API — GL Journals, Reports, RBAC, Audit, Admin (45+ endpoints)
[2026-04-02T11:09:29] ============================================================
[2026-04-02T11:09:29] --- Sprint 3, Iteration 1 ---
[2026-04-02T11:09:29] START build_agent-sprint-3-iter-1
[2026-04-02T11:20:56] END build_agent-sprint-3-iter-1 (exit=0, 687s)
[2026-04-02T11:22:15] GATE pytest: PASS
[2026-04-02T11:22:15] Starting dev server: cd '/Users/steven.tan/Expected Credit Losses/app' && python -m uvicorn app:app --reload --port 8000 (port 8000)
[2026-04-02T11:22:15] Dev server ready (PID 8800)
[2026-04-02T11:22:15] START visual_qa-sprint-3-iter-0
[2026-04-02T11:28:45] END visual_qa-sprint-3-iter-0 (exit=0, 389s)
[2026-04-02T11:28:45] GATE manifest: PASS — Manifest complete. 45 tested, 2 bugs, 1 skipped.
[2026-04-02T11:28:45] GATE visual_qa: PASS
[2026-04-02T11:28:45] START evaluator-sprint-3-iter-0
[2026-04-02T11:33:53] END evaluator-sprint-3-iter-0 (exit=0, 309s)
[2026-04-02T11:33:53] Stopping dev server (PID 8800)
[2026-04-02T11:33:53] GATE eval_score: 9.83/9.5 — PASS
[2026-04-02T11:33:53] Score trajectory: [9.83]
[2026-04-02T11:33:53] Sprint 3 PASS: 9.83/9.5
[2026-04-02T11:33:53] ============================================================
[2026-04-02T11:33:53] DOCUMENTATION BATCH (after sprint 3)
[2026-04-02T11:33:53] ============================================================
[2026-04-02T11:33:53] Starting dev server: cd '/Users/steven.tan/Expected Credit Losses/app' && python -m uvicorn app:app --reload --port 8000 (port 8000)
[2026-04-02T11:33:53] Dev server ready (PID 52296)
[2026-04-02T11:33:53] START integration-sprint-3-iter-0
[2026-04-02T11:33:53] START documentation-sprint-3-iter-0
[2026-04-02T11:43:21] END integration-sprint-3-iter-0 (exit=0, 568s)
[2026-04-02T11:43:21] Doc batch agent finished (exit=0)
[2026-04-02T11:52:16] END documentation-sprint-3-iter-0 (exit=143, 1103s)
[2026-04-02T11:52:16] Doc batch agent finished (exit=143)
[2026-04-02T11:52:16] Stopping dev server (PID 52296)
[2026-04-02T11:52:16] START installation-sprint-3-iter-0
[2026-04-02T11:57:51] END installation-sprint-3-iter-0 (exit=0, 335s)
[2026-04-02T11:57:52] Documentation batch complete
[2026-04-02T11:57:52] ============================================================
[2026-04-02T11:57:52] SPRINT 4: Sprint 5: ECL Engine — Monte Carlo Correctness (9 files)
[2026-04-02T11:57:52] ============================================================
[2026-04-02T11:57:52] --- Sprint 4, Iteration 1 ---
[2026-04-02T11:57:52] START build_agent-sprint-4-iter-1
[2026-04-02T12:11:51] END build_agent-sprint-4-iter-1 (exit=0, 840s)
[2026-04-02T12:13:10] GATE pytest: PASS
[2026-04-02T12:13:10] Starting dev server: cd '/Users/steven.tan/Expected Credit Losses/app' && python -m uvicorn app:app --reload --port 8000 (port 8000)
[2026-04-02T12:13:10] Dev server ready (PID 4847)
[2026-04-02T12:13:10] START visual_qa-sprint-4-iter-0
[2026-04-02T12:20:23] END visual_qa-sprint-4-iter-0 (exit=0, 433s)
[2026-04-02T12:20:23] GATE manifest: FAIL — 1 PENDING elements remain in manifest
[2026-04-02T12:20:23] GATE visual_qa: PASS
[2026-04-02T12:20:23] Visual QA issues — looping back to Build Agent
[2026-04-02T12:20:23] Stopping dev server (PID 4847)
[2026-04-02T12:20:23] --- Sprint 4, Iteration 2 ---
[2026-04-02T12:20:23] START build_agent-sprint-4-iter-2
[2026-04-02T12:32:29] END build_agent-sprint-4-iter-2 (exit=0, 726s)
[2026-04-02T12:33:51] GATE pytest: PASS
[2026-04-02T12:33:51] Starting dev server: cd '/Users/steven.tan/Expected Credit Losses/app' && python -m uvicorn app:app --reload --port 8000 (port 8000)
[2026-04-02T12:33:51] Dev server ready (PID 73785)
[2026-04-02T12:33:51] START visual_qa-sprint-4-iter-0
[2026-04-02T12:42:46] END visual_qa-sprint-4-iter-0 (exit=0, 536s)
[2026-04-02T12:42:46] GATE manifest: PASS — Manifest complete. 43 tested, 7 bugs, 16 skipped.
[2026-04-02T12:42:46] GATE visual_qa: PASS
[2026-04-02T12:42:46] START evaluator-sprint-4-iter-0
[2026-04-02T12:49:08] END evaluator-sprint-4-iter-0 (exit=0, 381s)
[2026-04-02T12:49:08] Stopping dev server (PID 73785)
[2026-04-02T12:49:08] GATE eval_score: 9.50/9.5 — PASS
[2026-04-02T12:49:08] Score trajectory: [9.5]
[2026-04-02T12:49:08] Sprint 4 PASS: 9.50/9.5
[2026-04-02T12:49:08] ============================================================
[2026-04-02T12:49:08] SPRINT 5: Sprint 6: Domain Logic — Workflow, Queries, Attribution, Validation (8 modules)
[2026-04-02T12:49:08] ============================================================
[2026-04-02T12:49:08] --- Sprint 5, Iteration 1 ---
[2026-04-02T12:49:08] START build_agent-sprint-5-iter-1
[2026-04-02T13:04:02] END build_agent-sprint-5-iter-1 (exit=0, 895s)
[2026-04-02T13:05:58] GATE pytest: PASS
[2026-04-02T13:05:58] Starting dev server: cd '/Users/steven.tan/Expected Credit Losses/app' && python -m uvicorn app:app --reload --port 8000 (port 8000)
[2026-04-02T13:05:58] Dev server ready (PID 88300)
[2026-04-02T13:05:58] START visual_qa-sprint-5-iter-0
[2026-04-02T13:13:17] END visual_qa-sprint-5-iter-0 (exit=0, 439s)
[2026-04-02T13:13:17] GATE manifest: PASS — Manifest complete. 28 tested, 0 bugs, 1 skipped.
[2026-04-02T13:13:17] GATE visual_qa: PASS
[2026-04-02T13:13:17] START evaluator-sprint-5-iter-0
[2026-04-02T13:20:52] END evaluator-sprint-5-iter-0 (exit=0, 455s)
[2026-04-02T13:20:52] Stopping dev server (PID 88300)
[2026-04-02T13:20:52] GATE eval_score: 9.88/9.5 — PASS
[2026-04-02T13:20:52] Score trajectory: [9.88]
[2026-04-02T13:20:52] Sprint 5 PASS: 9.88/9.5
[2026-04-02T13:20:52] ============================================================
[2026-04-02T13:20:52] DOCUMENTATION BATCH (after sprint 5)
[2026-04-02T13:20:52] ============================================================
[2026-04-02T13:20:52] Starting dev server: cd '/Users/steven.tan/Expected Credit Losses/app' && python -m uvicorn app:app --reload --port 8000 (port 8000)
[2026-04-02T13:20:52] Dev server ready (PID 35486)
[2026-04-02T13:20:52] START documentation-sprint-5-iter-0
[2026-04-02T13:20:52] START integration-sprint-5-iter-0
[2026-04-02T13:35:20] END integration-sprint-5-iter-0 (exit=0, 868s)
[2026-04-02T13:35:20] Doc batch agent finished (exit=0)
[2026-04-02T13:45:20] END documentation-sprint-5-iter-0 (exit=0, 1468s)
[2026-04-02T13:45:20] Doc batch agent finished (exit=0)
[2026-04-02T13:45:20] Stopping dev server (PID 35486)
[2026-04-02T13:45:20] START installation-sprint-5-iter-0
[2026-04-02T13:51:52] END installation-sprint-5-iter-0 (exit=0, 392s)
[2026-04-02T13:51:52] Documentation batch complete
[2026-04-02T13:51:52] ============================================================
[2026-04-02T13:51:52] SPRINT 6: Sprint 7: Domain Logic — Registry, Backtesting, Markov, Hazard, Advanced (10+ modules)
[2026-04-02T13:51:52] ============================================================
[2026-04-02T13:51:52] --- Sprint 6, Iteration 1 ---
[2026-04-02T13:51:52] START build_agent-sprint-6-iter-1
[2026-04-02T14:08:06] END build_agent-sprint-6-iter-1 (exit=0, 973s)
[2026-04-02T14:10:02] GATE pytest: PASS
[2026-04-02T14:10:02] Starting dev server: cd '/Users/steven.tan/Expected Credit Losses/app' && python -m uvicorn app:app --reload --port 8000 (port 8000)
[2026-04-02T14:10:02] Dev server ready (PID 90525)
[2026-04-02T14:10:02] START visual_qa-sprint-6-iter-0
[2026-04-02T14:15:03] END visual_qa-sprint-6-iter-0 (exit=0, 301s)
[2026-04-02T14:15:03] GATE manifest: PASS — Manifest complete. 20 tested, 0 bugs, 1 skipped.
[2026-04-02T14:15:03] GATE visual_qa: PASS
[2026-04-02T14:15:03] START evaluator-sprint-6-iter-0
[2026-04-02T14:23:43] END evaluator-sprint-6-iter-0 (exit=0, 520s)
[2026-04-02T14:23:43] Stopping dev server (PID 90525)
[2026-04-02T14:23:43] GATE eval_score: 8.95/9.5 — FAIL
[2026-04-02T14:23:43] Score trajectory: [8.95]
[2026-04-02T14:23:43] --- Sprint 6, Iteration 2 ---
[2026-04-02T14:23:43] START build_agent-sprint-6-iter-2
[2026-04-02T14:31:39] END build_agent-sprint-6-iter-2 (exit=0, 477s)
[2026-04-02T14:33:36] GATE pytest: PASS
[2026-04-02T14:33:36] Starting dev server: cd '/Users/steven.tan/Expected Credit Losses/app' && python -m uvicorn app:app --reload --port 8000 (port 8000)
[2026-04-02T14:33:36] Dev server ready (PID 70832)
[2026-04-02T14:33:36] START visual_qa-sprint-6-iter-0
[2026-04-02T14:38:55] END visual_qa-sprint-6-iter-0 (exit=0, 320s)
[2026-04-02T14:38:55] GATE manifest: PASS — Manifest complete. 22 tested, 0 bugs, 1 skipped.
[2026-04-02T14:38:55] GATE visual_qa: PASS
[2026-04-02T14:38:55] START evaluator-sprint-6-iter-0
[2026-04-02T14:45:51] END evaluator-sprint-6-iter-0 (exit=0, 416s)
[2026-04-02T14:45:51] Stopping dev server (PID 70832)
[2026-04-02T14:45:51] GATE eval_score: 9.50/9.5 — PASS
[2026-04-02T14:45:51] Score trajectory: [8.95, 9.5]
[2026-04-02T14:45:51] Sprint 6 PASS: 9.50/9.5
[2026-04-02T14:45:51] ============================================================
[2026-04-02T14:45:51] SPRINT 7: Sprint 8: Frontend — Component & Page Testing (25+ pages, 40+ components)
[2026-04-02T14:45:51] ============================================================
[2026-04-02T14:45:51] --- Sprint 7, Iteration 1 ---
[2026-04-02T14:45:51] START build_agent-sprint-7-iter-1
[2026-04-02T15:03:04] END build_agent-sprint-7-iter-1 (exit=0, 1033s)
[2026-04-02T15:05:01] GATE pytest: PASS
[2026-04-02T15:05:01] Starting dev server: cd '/Users/steven.tan/Expected Credit Losses/app' && python -m uvicorn app:app --reload --port 8000 (port 8000)
[2026-04-02T15:05:01] Dev server ready (PID 79933)
[2026-04-02T15:05:01] START visual_qa-sprint-7-iter-0
[2026-04-02T15:14:03] END visual_qa-sprint-7-iter-0 (exit=0, 542s)
[2026-04-02T15:14:03] GATE manifest: FAIL — 1 PENDING elements remain in manifest
[2026-04-02T15:14:03] GATE visual_qa: PASS
[2026-04-02T15:14:03] Visual QA issues — looping back to Build Agent
[2026-04-02T15:14:03] Stopping dev server (PID 79933)
[2026-04-02T15:14:03] --- Sprint 7, Iteration 2 ---
[2026-04-02T15:14:03] START build_agent-sprint-7-iter-2
[2026-04-02T15:29:07] END build_agent-sprint-7-iter-2 (exit=0, 904s)
[2026-04-02T15:31:05] GATE pytest: PASS
[2026-04-02T15:31:05] Starting dev server: cd '/Users/steven.tan/Expected Credit Losses/app' && python -m uvicorn app:app --reload --port 8000 (port 8000)
[2026-04-02T15:31:05] Dev server ready (PID 66871)
[2026-04-02T15:31:05] START visual_qa-sprint-7-iter-0
[2026-04-02T15:36:25] END visual_qa-sprint-7-iter-0 (exit=0, 319s)
[2026-04-02T15:36:25] GATE manifest: FAIL — 1 PENDING elements remain in manifest
[2026-04-02T15:36:25] GATE visual_qa: PASS
[2026-04-02T15:36:25] Visual QA issues — looping back to Build Agent
[2026-04-02T15:36:25] Stopping dev server (PID 66871)
[2026-04-02T15:36:25] --- Sprint 7, Iteration 3 ---
[2026-04-02T15:36:25] START build_agent-sprint-7-iter-3
[2026-04-02T15:43:38] END build_agent-sprint-7-iter-3 (exit=0, 434s)
[2026-04-02T15:45:36] GATE pytest: PASS
[2026-04-02T15:45:36] Starting dev server: cd '/Users/steven.tan/Expected Credit Losses/app' && python -m uvicorn app:app --reload --port 8000 (port 8000)
[2026-04-02T15:45:36] Dev server ready (PID 15097)
[2026-04-02T15:45:36] START visual_qa-sprint-7-iter-0
[2026-04-02T16:02:56] END visual_qa-sprint-7-iter-0 (exit=0, 1040s)
[2026-04-02T16:02:56] GATE manifest: PASS — Manifest complete. 48 tested, 2 bugs, 3 skipped.
[2026-04-02T16:02:56] GATE visual_qa: PASS
[2026-04-02T16:02:56] START evaluator-sprint-7-iter-0
[2026-04-02T16:10:56] END evaluator-sprint-7-iter-0 (exit=0, 480s)
[2026-04-02T16:10:56] Stopping dev server (PID 15097)
[2026-04-02T16:10:56] GATE eval_score: 9.25/9.5 — FAIL
[2026-04-02T16:10:56] Score trajectory: [9.25]
[2026-04-02T16:10:56] --- Sprint 7, Iteration 4 ---
[2026-04-02T16:10:56] START build_agent-sprint-7-iter-4
[2026-04-02T16:24:50] END build_agent-sprint-7-iter-4 (exit=0, 834s)
[2026-04-02T16:29:21] GATE pytest: PASS
[2026-04-02T16:29:21] Starting dev server: cd '/Users/steven.tan/Expected Credit Losses/app' && python -m uvicorn app:app --reload --port 8000 (port 8000)
[2026-04-02T16:29:21] Dev server ready (PID 52019)
[2026-04-02T16:29:21] START visual_qa-sprint-7-iter-0
[2026-04-02T16:40:08] END visual_qa-sprint-7-iter-0 (exit=0, 647s)
[2026-04-02T16:40:08] GATE manifest: FAIL — 1 PENDING elements remain in manifest
[2026-04-02T16:40:08] GATE visual_qa: PASS
[2026-04-02T16:40:08] Visual QA issues — looping back to Build Agent
[2026-04-02T16:40:08] Stopping dev server (PID 52019)
[2026-04-02T16:40:08] --- Sprint 7, Iteration 5 ---
[2026-04-02T16:40:08] START build_agent-sprint-7-iter-5
[2026-04-02T16:49:52] END build_agent-sprint-7-iter-5 (exit=0, 584s)
[2026-04-02T16:54:25] GATE pytest: PASS
[2026-04-02T16:54:25] Starting dev server: cd '/Users/steven.tan/Expected Credit Losses/app' && python -m uvicorn app:app --reload --port 8000 (port 8000)
[2026-04-02T16:54:25] Dev server ready (PID 32494)
[2026-04-02T16:54:25] START visual_qa-sprint-7-iter-0
[2026-04-02T17:02:04] END visual_qa-sprint-7-iter-0 (exit=0, 460s)
[2026-04-02T17:02:04] GATE manifest: FAIL — 1 PENDING elements remain in manifest
[2026-04-02T17:02:04] GATE visual_qa: PASS
[2026-04-02T17:02:04] Visual QA issues — looping back to Build Agent
[2026-04-02T17:02:04] Stopping dev server (PID 32494)
[2026-04-02T17:02:04] Sprint 7 PASS (with debt): 9.25/9.5
[2026-04-02T17:02:04] ============================================================
[2026-04-02T17:02:04] SPRINT 8: Sprint 9: Middleware, Cross-Cutting & Integration Testing (5 multi-endpoint flows)
[2026-04-02T17:02:04] ============================================================
[2026-04-02T17:02:04] --- Sprint 8, Iteration 1 ---
[2026-04-02T17:02:04] START build_agent-sprint-8-iter-1
[2026-04-02T17:25:01] END build_agent-sprint-8-iter-1 (exit=0, 1377s)
[2026-04-02T17:29:40] GATE pytest: PASS
[2026-04-02T17:29:40] Starting dev server: cd '/Users/steven.tan/Expected Credit Losses/app' && python -m uvicorn app:app --reload --port 8000 (port 8000)
[2026-04-02T17:29:40] Dev server ready (PID 64645)
[2026-04-02T17:29:40] START visual_qa-sprint-8-iter-0
[2026-04-02T17:38:27] END visual_qa-sprint-8-iter-0 (exit=0, 527s)
[2026-04-02T17:38:27] GATE manifest: FAIL — 1 PENDING elements remain in manifest
[2026-04-02T17:38:27] GATE visual_qa: PASS
[2026-04-02T17:38:27] Visual QA issues — looping back to Build Agent
[2026-04-02T17:38:27] Stopping dev server (PID 64645)
[2026-04-02T17:38:27] --- Sprint 8, Iteration 2 ---
[2026-04-02T17:38:27] START build_agent-sprint-8-iter-2
[2026-04-02T17:52:47] END build_agent-sprint-8-iter-2 (exit=0, 860s)
[2026-04-02T17:57:22] GATE pytest: PASS
[2026-04-02T17:57:22] Starting dev server: cd '/Users/steven.tan/Expected Credit Losses/app' && python -m uvicorn app:app --reload --port 8000 (port 8000)
[2026-04-02T17:57:22] Dev server ready (PID 53669)
[2026-04-02T17:57:22] START visual_qa-sprint-8-iter-0
[2026-04-02T18:05:18] END visual_qa-sprint-8-iter-0 (exit=0, 476s)
[2026-04-02T18:05:18] GATE manifest: FAIL — 1 PENDING elements remain in manifest
[2026-04-02T18:05:18] GATE visual_qa: PASS
[2026-04-02T18:05:18] Visual QA issues — looping back to Build Agent
[2026-04-02T18:05:18] Stopping dev server (PID 53669)
[2026-04-02T18:05:18] --- Sprint 8, Iteration 3 ---
[2026-04-02T18:05:18] START build_agent-sprint-8-iter-3
[2026-04-02T18:23:49] END build_agent-sprint-8-iter-3 (exit=0, 1110s)
[2026-04-02T18:28:20] GATE pytest: PASS
[2026-04-02T18:28:20] Starting dev server: cd '/Users/steven.tan/Expected Credit Losses/app' && python -m uvicorn app:app --reload --port 8000 (port 8000)
[2026-04-02T18:28:20] Dev server ready (PID 58648)
[2026-04-02T18:28:20] START visual_qa-sprint-8-iter-0
[2026-04-02T18:32:23] END visual_qa-sprint-8-iter-0 (exit=0, 242s)
[2026-04-02T18:32:23] GATE manifest: FAIL — 1 PENDING elements remain in manifest
[2026-04-02T18:32:23] GATE visual_qa: PASS
[2026-04-02T18:32:23] Visual QA issues — looping back to Build Agent
[2026-04-02T18:32:23] Stopping dev server (PID 58648)
[2026-04-02T18:32:23] --- Sprint 8, Iteration 4 ---
[2026-04-02T18:32:23] START build_agent-sprint-8-iter-4
[2026-04-02T18:48:18] END build_agent-sprint-8-iter-4 (exit=0, 955s)
[2026-04-02T18:52:48] GATE pytest: PASS
[2026-04-02T18:52:48] Starting dev server: cd '/Users/steven.tan/Expected Credit Losses/app' && python -m uvicorn app:app --reload --port 8000 (port 8000)
[2026-04-02T18:52:48] Dev server ready (PID 42809)
[2026-04-02T18:52:48] START visual_qa-sprint-8-iter-0
[2026-04-02T19:02:20] END visual_qa-sprint-8-iter-0 (exit=0, 572s)
[2026-04-02T19:02:20] GATE manifest: FAIL — 1 PENDING elements remain in manifest
[2026-04-02T19:02:20] GATE visual_qa: PASS
[2026-04-02T19:02:20] Visual QA issues — looping back to Build Agent
[2026-04-02T19:02:20] Stopping dev server (PID 42809)
[2026-04-02T19:02:20] --- Sprint 8, Iteration 5 ---
[2026-04-02T19:02:20] START build_agent-sprint-8-iter-5
[2026-04-02T19:19:13] END build_agent-sprint-8-iter-5 (exit=0, 1013s)
[2026-04-02T19:23:46] GATE pytest: PASS
[2026-04-02T19:23:46] Starting dev server: cd '/Users/steven.tan/Expected Credit Losses/app' && python -m uvicorn app:app --reload --port 8000 (port 8000)
[2026-04-02T19:23:46] Dev server ready (PID 45687)
[2026-04-02T19:23:46] START visual_qa-sprint-8-iter-0
[2026-04-02T19:32:14] END visual_qa-sprint-8-iter-0 (exit=0, 508s)
[2026-04-02T19:32:14] GATE manifest: FAIL — 1 PENDING elements remain in manifest
[2026-04-02T19:32:14] GATE visual_qa: PASS
[2026-04-02T19:32:14] Visual QA issues — looping back to Build Agent
[2026-04-02T19:32:14] Stopping dev server (PID 45687)
[2026-04-02T19:32:14] Sprint 8 PASS (with debt): 0.00/9.5
[2026-04-02T19:32:14] ============================================================
[2026-04-02T19:32:14] DOCUMENTATION BATCH (after sprint 8)
[2026-04-02T19:32:14] ============================================================
[2026-04-02T19:32:14] Starting dev server: cd '/Users/steven.tan/Expected Credit Losses/app' && python -m uvicorn app:app --reload --port 8000 (port 8000)
[2026-04-02T19:32:14] Dev server ready (PID 71242)
[2026-04-02T19:32:14] START documentation-sprint-8-iter-0
[2026-04-02T19:32:14] START integration-sprint-8-iter-0
[2026-04-02T19:37:29] END documentation-sprint-8-iter-0 (exit=0, 315s)
[2026-04-02T19:37:29] Doc batch agent finished (exit=0)
[2026-04-02T19:44:48] END integration-sprint-8-iter-0 (exit=0, 754s)
[2026-04-02T19:44:48] Doc batch agent finished (exit=0)
[2026-04-02T19:44:48] Stopping dev server (PID 71242)
[2026-04-02T19:44:48] START installation-sprint-8-iter-0
[2026-04-02T19:54:33] END installation-sprint-8-iter-0 (exit=0, 585s)
[2026-04-02T19:54:34] Documentation batch complete
[2026-04-02T19:54:34] ============================================================
[2026-04-02T19:54:34] SPRINT 9: Sprint 10: Production Readiness & Final Gap Analysis
[2026-04-02T19:54:34] ============================================================
[2026-04-02T19:54:34] --- Sprint 9, Iteration 1 ---
[2026-04-02T19:54:34] START build_agent-sprint-9-iter-1
[2026-04-02T19:58:13] END build_agent-sprint-9-iter-1 (exit=0, 220s)
[2026-04-02T20:02:46] GATE pytest: PASS
[2026-04-02T20:02:46] Starting dev server: cd '/Users/steven.tan/Expected Credit Losses/app' && python -m uvicorn app:app --reload --port 8000 (port 8000)
[2026-04-02T20:02:46] Dev server ready (PID 77883)
[2026-04-02T20:02:46] START visual_qa-sprint-9-iter-0
[2026-04-02T20:14:36] END visual_qa-sprint-9-iter-0 (exit=0, 710s)
[2026-04-02T20:14:36] GATE manifest: PASS — Manifest complete. 57 tested, 1 bugs, 2 skipped.
[2026-04-02T20:14:36] GATE visual_qa: FAIL
[2026-04-02T20:14:36] Visual QA issues — looping back to Build Agent
[2026-04-02T20:14:36] Stopping dev server (PID 77883)
[2026-04-02T20:14:36] --- Sprint 9, Iteration 2 ---
[2026-04-02T20:14:36] START build_agent-sprint-9-iter-2
[2026-04-02T20:34:55] END build_agent-sprint-9-iter-2 (exit=0, 1218s)
[2026-04-02T20:39:23] GATE pytest: PASS
[2026-04-02T20:39:23] Starting dev server: cd '/Users/steven.tan/Expected Credit Losses/app' && python -m uvicorn app:app --reload --port 8000 (port 8000)
[2026-04-02T20:39:23] Dev server ready (PID 96162)
[2026-04-02T20:39:23] START visual_qa-sprint-9-iter-0
[2026-04-02T20:48:58] END visual_qa-sprint-9-iter-0 (exit=0, 575s)
[2026-04-02T20:48:58] GATE manifest: PASS — Manifest complete. 62 tested, 0 bugs, 1 skipped.
[2026-04-02T20:48:58] GATE visual_qa: PASS
[2026-04-02T20:48:58] START evaluator-sprint-9-iter-0
[2026-04-02T20:56:31] END evaluator-sprint-9-iter-0 (exit=0, 453s)
[2026-04-02T20:56:31] Stopping dev server (PID 96162)
[2026-04-02T20:56:31] GATE eval_score: 9.50/9.5 — PASS
[2026-04-02T20:56:31] Score trajectory: [9.5]
[2026-04-02T20:56:31] Sprint 9 PASS: 9.50/9.5
[2026-04-02T20:56:31] ============================================================
[2026-04-02T20:56:31] FINAL INTEGRATION EVALUATION
[2026-04-02T20:56:31] ============================================================
[2026-04-02T20:56:31] Starting dev server: cd '/Users/steven.tan/Expected Credit Losses/app' && python -m uvicorn app:app --reload --port 8000 (port 8000)
[2026-04-02T20:56:31] Dev server ready (PID 59502)
[2026-04-02T20:56:31] START final_evaluation-sprint-999-iter-0
[2026-04-02T21:13:53] END final_evaluation-sprint-999-iter-0 (exit=0, 1041s)
[2026-04-02T21:13:53] Stopping dev server (PID 59502)
[2026-04-02T21:13:53] FINAL SCORE: 9.62/9.5
[2026-04-02T21:13:53] HARNESS COMPLETE
[2026-04-03T23:53:35] ============================================================
[2026-04-03T23:53:35] HARNESS v2 — MULTI-SESSION ORCHESTRATOR
[2026-04-03T23:53:35] Work dir:  /Users/steven.tan/Expected Credit Losses/app
[2026-04-03T23:53:35] Target:    9.5/10
[2026-04-03T23:53:35] Model:     default
[2026-04-03T23:53:35] ============================================================
[2026-04-03T23:53:35] Harness already complete. Nothing to do.
[2026-04-03T23:54:55] ============================================================
[2026-04-03T23:54:55] HARNESS v2 — MULTI-SESSION ORCHESTRATOR
[2026-04-03T23:54:55] Work dir:  /Users/steven.tan/Expected Credit Losses/app
[2026-04-03T23:54:55] Target:    9.5/10
[2026-04-03T23:54:55] Model:     default
[2026-04-03T23:54:55] ============================================================
[2026-04-03T23:54:55] ============================================================
[2026-04-03T23:54:55] PHASE 1: SPEC AGENT
[2026-04-03T23:54:55] ============================================================
[2026-04-03T23:54:55] START spec_agent-sprint-0-iter-0
[2026-04-04T00:00:11] END spec_agent-sprint-0-iter-0 (exit=0, 315s)
[2026-04-04T00:00:11] Spec phase complete
[2026-04-04T00:00:11] ============================================================
[2026-04-04T00:00:11] SPRINT 1: Sprint 1: Foundation — Restructure & Getting Started (directory structure, sidebars.ts, overview, quick-start, workflow-overview)
[2026-04-04T00:00:11] ============================================================
[2026-04-04T00:00:11] --- Sprint 1, Iteration 1 ---
[2026-04-04T00:00:11] START build_agent-sprint-1-iter-1
[2026-04-04T00:08:20] END build_agent-sprint-1-iter-1 (exit=0, 490s)
[2026-04-04T00:15:18] GATE pytest: PASS
[2026-04-04T00:15:18] Starting dev server: cd docs-site && npm start (port 3000)
[2026-04-04T00:15:20] Dev server ready (PID 9775)
[2026-04-04T00:15:20] START visual_qa-sprint-1-iter-0
[2026-04-04T00:22:19] END visual_qa-sprint-1-iter-0 (exit=0, 419s)
[2026-04-04T00:22:19] GATE manifest: PASS — Manifest complete. 92 tested, 4 bugs, 0 skipped.
[2026-04-04T00:22:19] GATE visual_qa: PASS
[2026-04-04T00:22:19] START evaluator-sprint-1-iter-0
[2026-04-04T00:25:32] END evaluator-sprint-1-iter-0 (exit=0, 192s)
[2026-04-04T00:25:32] Stopping dev server (PID 9775)
[2026-04-04T00:25:32] GATE eval_score: 9.50/9.5 — PASS
[2026-04-04T00:25:32] Score trajectory: [9.5]
[2026-04-04T00:25:32] Sprint 1 PASS: 9.50/9.5
[2026-04-04T00:25:32] ============================================================
[2026-04-04T00:25:32] SPRINT 2: Sprint 2: User Guide — Workflow Steps 1-4 (create-project, data-processing, data-control, satellite-models)
[2026-04-04T00:25:32] ============================================================
[2026-04-04T00:25:32] --- Sprint 2, Iteration 1 ---
[2026-04-04T00:25:32] START build_agent-sprint-2-iter-1
[2026-04-04T00:37:07] END build_agent-sprint-2-iter-1 (exit=0, 695s)
[2026-04-04T00:44:08] GATE pytest: PASS
[2026-04-04T00:44:08] Starting dev server: cd docs-site && npm start (port 3000)
[2026-04-04T00:44:10] Dev server ready (PID 12154)
[2026-04-04T00:44:10] START visual_qa-sprint-2-iter-0
[2026-04-04T00:49:16] END visual_qa-sprint-2-iter-0 (exit=0, 306s)
[2026-04-04T00:49:16] GATE manifest: PASS — Manifest complete. 40 tested, 0 bugs, 0 skipped.
[2026-04-04T00:49:16] GATE visual_qa: PASS
[2026-04-04T00:49:16] START evaluator-sprint-2-iter-0
[2026-04-04T00:51:48] END evaluator-sprint-2-iter-0 (exit=0, 152s)
[2026-04-04T00:51:48] Stopping dev server (PID 12154)
[2026-04-04T00:51:48] GATE eval_score: 9.40/9.5 — FAIL
[2026-04-04T00:51:48] Score trajectory: [9.4]
[2026-04-04T00:51:48] --- Sprint 2, Iteration 2 ---
[2026-04-04T00:51:48] START build_agent-sprint-2-iter-2
[2026-04-04T00:55:56] END build_agent-sprint-2-iter-2 (exit=0, 248s)
[2026-04-04T01:03:08] GATE pytest: PASS
[2026-04-04T01:03:08] Starting dev server: cd docs-site && npm start (port 3000)
[2026-04-04T01:03:10] Dev server ready (PID 78819)
[2026-04-04T01:03:10] START visual_qa-sprint-2-iter-0
[2026-04-04T01:09:37] END visual_qa-sprint-2-iter-0 (exit=0, 387s)
[2026-04-04T01:09:37] GATE manifest: FAIL — 2 PENDING elements remain in manifest
[2026-04-04T01:09:37] GATE visual_qa: PASS
[2026-04-04T01:09:37] Visual QA issues — looping back to Build Agent
[2026-04-04T01:09:37] Stopping dev server (PID 78819)
[2026-04-04T01:09:37] --- Sprint 2, Iteration 3 ---
[2026-04-04T01:09:37] START build_agent-sprint-2-iter-3
[2026-04-04T01:12:03] END build_agent-sprint-2-iter-3 (exit=0, 146s)
[2026-04-04T01:19:03] GATE pytest: PASS
[2026-04-04T01:19:03] Starting dev server: cd docs-site && npm start (port 3000)
[2026-04-04T01:19:05] Dev server ready (PID 33830)
[2026-04-04T01:19:05] START visual_qa-sprint-2-iter-0
[2026-04-04T01:23:47] END visual_qa-sprint-2-iter-0 (exit=0, 282s)
[2026-04-04T01:23:47] GATE manifest: FAIL — 2 PENDING elements remain in manifest
[2026-04-04T01:23:47] GATE visual_qa: PASS
[2026-04-04T01:23:47] Visual QA issues — looping back to Build Agent
[2026-04-04T01:23:47] Stopping dev server (PID 33830)
[2026-04-04T01:23:47] --- Sprint 2, Iteration 4 ---
[2026-04-04T01:23:47] START build_agent-sprint-2-iter-4
[2026-04-04T01:25:09] END build_agent-sprint-2-iter-4 (exit=0, 82s)
[2026-04-04T01:32:09] GATE pytest: PASS
[2026-04-04T01:32:09] Starting dev server: cd docs-site && npm start (port 3000)
[2026-04-04T01:32:11] Dev server ready (PID 78765)
[2026-04-04T01:32:11] START visual_qa-sprint-2-iter-0
[2026-04-04T01:36:33] END visual_qa-sprint-2-iter-0 (exit=0, 262s)
[2026-04-04T01:36:33] GATE manifest: FAIL — 2 PENDING elements remain in manifest
[2026-04-04T01:36:33] GATE visual_qa: PASS
[2026-04-04T01:36:33] Visual QA issues — looping back to Build Agent
[2026-04-04T01:36:33] Stopping dev server (PID 78765)
[2026-04-04T01:36:33] --- Sprint 2, Iteration 5 ---
[2026-04-04T01:36:33] START build_agent-sprint-2-iter-5
[2026-04-04T01:38:28] END build_agent-sprint-2-iter-5 (exit=0, 115s)
[2026-04-04T01:45:36] GATE pytest: PASS
[2026-04-04T01:45:36] Starting dev server: cd docs-site && npm start (port 3000)
[2026-04-04T01:45:38] Dev server ready (PID 25129)
[2026-04-04T01:45:38] START visual_qa-sprint-2-iter-0
[2026-04-04T01:49:34] END visual_qa-sprint-2-iter-0 (exit=0, 236s)
[2026-04-04T01:49:34] GATE manifest: FAIL — 2 PENDING elements remain in manifest
[2026-04-04T01:49:34] GATE visual_qa: PASS
[2026-04-04T01:49:34] Visual QA issues — looping back to Build Agent
[2026-04-04T01:49:34] Stopping dev server (PID 25129)
[2026-04-04T01:49:34] Sprint 2 PASS (with debt): 9.40/9.5
[2026-04-04T01:49:34] ============================================================
[2026-04-04T01:49:34] SPRINT 3: Sprint 3: User Guide — Workflow Steps 5-8 (model-execution, stress-testing, overlays, sign-off)
[2026-04-04T01:49:34] ============================================================
[2026-04-04T01:49:34] --- Sprint 3, Iteration 1 ---
[2026-04-04T01:49:34] START build_agent-sprint-3-iter-1
[2026-04-04T01:59:16] END build_agent-sprint-3-iter-1 (exit=0, 582s)
[2026-04-04T02:06:08] GATE pytest: PASS
[2026-04-04T02:06:08] Starting dev server: cd docs-site && npm start (port 3000)
[2026-04-04T02:06:10] Dev server ready (PID 98316)
[2026-04-04T02:06:10] START visual_qa-sprint-3-iter-0
[2026-04-04T02:09:51] END visual_qa-sprint-3-iter-0 (exit=0, 220s)
[2026-04-04T02:09:51] GATE manifest: PASS — Manifest complete. 52 tested, 0 bugs, 0 skipped.
[2026-04-04T02:09:51] GATE visual_qa: PASS
[2026-04-04T02:09:51] START evaluator-sprint-3-iter-0
[2026-04-04T02:13:53] END evaluator-sprint-3-iter-0 (exit=0, 242s)
[2026-04-04T02:13:53] Stopping dev server (PID 98316)
[2026-04-04T02:13:53] GATE eval_score: 9.50/9.5 — PASS
[2026-04-04T02:13:53] Score trajectory: [9.5]
[2026-04-04T02:13:53] Sprint 3 PASS: 9.50/9.5
[2026-04-04T02:13:53] ============================================================
[2026-04-04T02:13:53] DOCUMENTATION BATCH (after sprint 3)
[2026-04-04T02:13:53] ============================================================
[2026-04-04T02:13:53] Starting dev server: cd docs-site && npm start (port 3000)
[2026-04-04T02:13:53] Dev server ready (PID 28369)
[2026-04-04T02:13:53] START integration-sprint-3-iter-0
[2026-04-04T02:13:53] START documentation-sprint-3-iter-0
[2026-04-04T02:18:12] END documentation-sprint-3-iter-0 (exit=0, 260s)
[2026-04-04T02:18:12] Doc batch agent finished (exit=0)
[2026-04-04T02:21:16] END integration-sprint-3-iter-0 (exit=0, 443s)
[2026-04-04T02:21:16] Doc batch agent finished (exit=0)
[2026-04-04T02:21:16] Stopping dev server (PID 28369)
[2026-04-04T02:21:16] START installation-sprint-3-iter-0
[2026-04-04T02:33:41] END installation-sprint-3-iter-0 (exit=0, 745s)
[2026-04-04T02:33:42] Documentation batch complete
[2026-04-04T02:33:42] ============================================================
[2026-04-04T02:33:42] SPRINT 4: Sprint 4: User Guide — Feature Pages Part 1 (model-registry, backtesting, regulatory-reports, gl-journals)
[2026-04-04T02:33:42] ============================================================
[2026-04-04T02:33:42] --- Sprint 4, Iteration 1 ---
[2026-04-04T02:33:42] START build_agent-sprint-4-iter-1
[2026-04-04T02:44:10] END build_agent-sprint-4-iter-1 (exit=0, 628s)
[2026-04-04T02:51:15] GATE pytest: PASS
[2026-04-04T02:51:15] Starting dev server: cd docs-site && npm start (port 3000)
[2026-04-04T02:51:17] Dev server ready (PID 66141)
[2026-04-04T02:51:17] START visual_qa-sprint-4-iter-0
[2026-04-04T02:57:56] END visual_qa-sprint-4-iter-0 (exit=0, 399s)
[2026-04-04T02:57:56] GATE manifest: PASS — Manifest complete. 132 tested, 1 bugs, 1 skipped.
[2026-04-04T02:57:56] GATE visual_qa: PASS
[2026-04-04T02:57:56] START evaluator-sprint-4-iter-0
[2026-04-04T03:02:07] END evaluator-sprint-4-iter-0 (exit=0, 252s)
[2026-04-04T03:02:07] Stopping dev server (PID 66141)
[2026-04-04T03:02:07] GATE eval_score: 9.50/9.5 — PASS
[2026-04-04T03:02:07] Score trajectory: [9.5]
[2026-04-04T03:02:07] Sprint 4 PASS: 9.50/9.5
[2026-04-04T03:02:07] ============================================================
[2026-04-04T03:02:07] SPRINT 5: Sprint 6: Admin Guide — Complete (9 pages: setup, data-mapping, model-config, app-settings, jobs, theme, sysadmin, users, troubleshooting)
[2026-04-04T03:02:07] ============================================================
[2026-04-04T03:02:07] --- Sprint 5, Iteration 1 ---
[2026-04-04T03:02:07] START build_agent-sprint-5-iter-1
[2026-04-04T03:13:21] END build_agent-sprint-5-iter-1 (exit=0, 673s)
[2026-04-04T03:20:32] GATE pytest: PASS
[2026-04-04T03:20:32] Starting dev server: cd docs-site && npm start (port 3000)
[2026-04-04T03:20:34] Dev server ready (PID 86435)
[2026-04-04T03:20:34] START visual_qa-sprint-5-iter-0
[2026-04-04T03:26:44] END visual_qa-sprint-5-iter-0 (exit=0, 370s)
[2026-04-04T03:26:44] GATE manifest: FAIL — 1 PENDING elements remain in manifest
[2026-04-04T03:26:44] GATE visual_qa: PASS
[2026-04-04T03:26:44] Visual QA issues — looping back to Build Agent
[2026-04-04T03:26:44] Stopping dev server (PID 86435)
[2026-04-04T03:26:44] --- Sprint 5, Iteration 2 ---
[2026-04-04T03:26:44] START build_agent-sprint-5-iter-2
[2026-04-04T03:32:15] END build_agent-sprint-5-iter-2 (exit=0, 331s)
[2026-04-04T03:39:11] GATE pytest: PASS
[2026-04-04T03:39:11] Starting dev server: cd docs-site && npm start (port 3000)
[2026-04-04T03:39:13] Dev server ready (PID 71396)
[2026-04-04T03:39:13] START visual_qa-sprint-5-iter-0
[2026-04-04T03:44:00] END visual_qa-sprint-5-iter-0 (exit=0, 288s)
[2026-04-04T03:44:00] GATE manifest: FAIL — 1 PENDING elements remain in manifest
[2026-04-04T03:44:00] GATE visual_qa: PASS
[2026-04-04T03:44:00] Visual QA issues — looping back to Build Agent
[2026-04-04T03:44:00] Stopping dev server (PID 71396)
[2026-04-04T03:44:00] --- Sprint 5, Iteration 3 ---
[2026-04-04T03:44:00] START build_agent-sprint-5-iter-3
[2026-04-04T03:48:22] END build_agent-sprint-5-iter-3 (exit=0, 261s)
[2026-04-04T03:55:34] GATE pytest: PASS
[2026-04-04T03:55:34] Starting dev server: cd docs-site && npm start (port 3000)
[2026-04-04T03:55:36] Dev server ready (PID 29449)
[2026-04-04T03:55:36] START visual_qa-sprint-5-iter-0
[2026-04-04T04:01:04] END visual_qa-sprint-5-iter-0 (exit=0, 328s)
[2026-04-04T04:01:04] GATE manifest: FAIL — 1 PENDING elements remain in manifest
[2026-04-04T04:01:04] GATE visual_qa: PASS
[2026-04-04T04:01:04] Visual QA issues — looping back to Build Agent
[2026-04-04T04:01:04] Stopping dev server (PID 29449)
[2026-04-04T04:01:04] --- Sprint 5, Iteration 4 ---
[2026-04-04T04:01:04] START build_agent-sprint-5-iter-4
[2026-04-04T04:03:34] END build_agent-sprint-5-iter-4 (exit=0, 151s)
[2026-04-04T04:10:35] GATE pytest: PASS
[2026-04-04T04:10:35] Starting dev server: cd docs-site && npm start (port 3000)
[2026-04-04T04:10:37] Dev server ready (PID 87807)
[2026-04-04T04:10:37] START visual_qa-sprint-5-iter-0
[2026-04-04T04:15:48] END visual_qa-sprint-5-iter-0 (exit=0, 311s)
[2026-04-04T04:15:48] GATE manifest: PASS — Manifest complete. 82 tested, 5 bugs, 0 skipped.
[2026-04-04T04:15:48] GATE visual_qa: PASS
[2026-04-04T04:15:48] START evaluator-sprint-5-iter-0
[2026-04-04T04:19:30] END evaluator-sprint-5-iter-0 (exit=0, 222s)
[2026-04-04T04:19:30] Stopping dev server (PID 87807)
[2026-04-04T04:19:30] GATE eval_score: 9.68/9.5 — PASS
[2026-04-04T04:19:30] Score trajectory: [9.68]
[2026-04-04T04:19:30] Sprint 5 PASS: 9.68/9.5
[2026-04-04T04:19:30] ============================================================
[2026-04-04T04:19:30] DOCUMENTATION BATCH (after sprint 5)
[2026-04-04T04:19:30] ============================================================
[2026-04-04T04:19:30] Starting dev server: cd docs-site && npm start (port 3000)
[2026-04-04T04:19:30] Dev server ready (PID 20924)
[2026-04-04T04:19:30] START integration-sprint-5-iter-0
[2026-04-04T04:19:30] START documentation-sprint-5-iter-0
[2026-04-04T04:24:16] END documentation-sprint-5-iter-0 (exit=0, 286s)
[2026-04-04T04:24:16] Doc batch agent finished (exit=0)
[2026-04-04T04:36:53] END integration-sprint-5-iter-0 (exit=0, 1043s)
[2026-04-04T04:36:53] Doc batch agent finished (exit=0)
[2026-04-04T04:36:53] Stopping dev server (PID 20924)
[2026-04-04T04:36:53] START installation-sprint-5-iter-0
[2026-04-04T04:50:42] END installation-sprint-5-iter-0 (exit=0, 828s)
[2026-04-04T04:50:42] Documentation batch complete
[2026-04-04T04:50:42] ============================================================
[2026-04-04T04:50:42] SPRINT 6: Sprint 7: Developer Reference — Complete
[2026-04-04T04:50:42] ============================================================
[2026-04-04T04:50:42] --- Sprint 6, Iteration 1 ---
[2026-04-04T04:50:42] START build_agent-sprint-6-iter-1
[2026-04-04T05:05:53] END build_agent-sprint-6-iter-1 (exit=0, 910s)
[2026-04-04T05:13:02] GATE pytest: PASS
[2026-04-04T05:13:02] Starting dev server: cd docs-site && npm start (port 3000)
[2026-04-04T05:13:04] Dev server ready (PID 1520)
[2026-04-04T05:13:04] START visual_qa-sprint-6-iter-0
[2026-04-04T05:17:21] END visual_qa-sprint-6-iter-0 (exit=0, 257s)
[2026-04-04T05:17:21] GATE manifest: PASS — Manifest complete. 60 tested, 0 bugs, 0 skipped.
[2026-04-04T05:17:21] GATE visual_qa: PASS
[2026-04-04T05:17:21] START evaluator-sprint-6-iter-0
[2026-04-04T05:34:50] END evaluator-sprint-6-iter-0 (exit=0, 1049s)
[2026-04-04T05:34:50] Stopping dev server (PID 1520)
[2026-04-04T05:34:50] GATE eval_score: 9.55/9.5 — PASS
[2026-04-04T05:34:50] Score trajectory: [9.55]
[2026-04-04T05:34:50] Sprint 6 PASS: 9.55/9.5
[2026-04-04T05:34:50] ============================================================
[2026-04-04T05:34:50] SPRINT 7: Sprint 8: Homepage, Navigation & Polish
[2026-04-04T05:34:50] ============================================================
[2026-04-04T05:34:50] --- Sprint 7, Iteration 1 ---
[2026-04-04T05:34:50] START build_agent-sprint-7-iter-1
[2026-04-04T05:47:25] END build_agent-sprint-7-iter-1 (exit=0, 755s)
[2026-04-04T05:54:31] GATE pytest: PASS
[2026-04-04T05:54:31] Starting dev server: cd docs-site && npm start (port 3000)
[2026-04-04T05:54:33] Dev server ready (PID 43945)
[2026-04-04T05:54:33] START visual_qa-sprint-7-iter-0
[2026-04-04T06:00:25] END visual_qa-sprint-7-iter-0 (exit=0, 352s)
[2026-04-04T06:00:25] GATE manifest: PASS — Manifest complete. 49 tested, 4 bugs, 1 skipped.
[2026-04-04T06:00:25] GATE visual_qa: PASS
[2026-04-04T06:00:25] START evaluator-sprint-7-iter-0
[2026-04-04T06:09:55] END evaluator-sprint-7-iter-0 (exit=0, 570s)
[2026-04-04T06:09:55] Stopping dev server (PID 43945)
[2026-04-04T06:09:55] GATE eval_score: 9.85/9.5 — PASS
[2026-04-04T06:09:55] Score trajectory: [9.85]
[2026-04-04T06:09:55] Sprint 7 PASS: 9.85/9.5
[2026-04-04T06:09:55] ============================================================
[2026-04-04T06:09:55] FINAL INTEGRATION EVALUATION
[2026-04-04T06:09:55] ============================================================
[2026-04-04T06:09:55] Starting dev server: cd docs-site && npm start (port 3000)
[2026-04-04T06:09:55] Dev server ready (PID 95461)
[2026-04-04T06:09:55] START final_evaluation-sprint-999-iter-0
[2026-04-04T06:21:50] END final_evaluation-sprint-999-iter-0 (exit=0, 715s)
[2026-04-04T06:21:50] Stopping dev server (PID 95461)
[2026-04-04T06:21:50] FINAL SCORE: 9.83/9.5
[2026-04-04T06:21:50] HARNESS COMPLETE
[2026-04-04T09:31:39] ============================================================
[2026-04-04T09:31:39] HARNESS v2 — MULTI-SESSION ORCHESTRATOR
[2026-04-04T09:31:39] Work dir:  /Users/steven.tan/Expected Credit Losses/app
[2026-04-04T09:31:39] Target:    9.5/10
[2026-04-04T09:31:39] Model:     default
[2026-04-04T09:31:39] ============================================================
[2026-04-04T09:31:39] ============================================================
[2026-04-04T09:31:39] PHASE 1: SPEC AGENT
[2026-04-04T09:31:39] ============================================================
[2026-04-04T09:31:39] START spec_agent-sprint-0-iter-0
[2026-04-04T09:35:28] END spec_agent-sprint-0-iter-0 (exit=0, 229s)
[2026-04-04T09:35:28] Spec phase complete
[2026-04-04T09:35:28] ============================================================
[2026-04-04T09:35:28] SPRINT 1: Sprint 1: Usage Analytics Backend — domain/usage_analytics.py, ensure_usage_table(), record_request(), backend.py imports, init chain wiring, unit tests
[2026-04-04T09:35:28] ============================================================
[2026-04-04T09:35:28] --- Sprint 1, Iteration 1 ---
[2026-04-04T09:35:28] START build_agent-sprint-1-iter-1
[2026-04-04T09:48:34] END build_agent-sprint-1-iter-1 (exit=0, 786s)
[2026-04-04T09:57:25] GATE pytest: FAIL
[2026-04-04T09:57:25] Tests failing — looping back to Build Agent
[2026-04-04T09:57:25] --- Sprint 1, Iteration 2 ---
[2026-04-04T09:57:25] START build_agent-sprint-1-iter-2
[2026-04-04T10:11:08] END build_agent-sprint-1-iter-2 (exit=0, 823s)
[2026-04-04T10:20:02] GATE pytest: FAIL
[2026-04-04T10:20:02] Tests failing — looping back to Build Agent
[2026-04-04T10:20:02] --- Sprint 1, Iteration 3 ---
[2026-04-04T10:20:02] START build_agent-sprint-1-iter-3
[2026-04-04T10:26:36] END build_agent-sprint-1-iter-3 (exit=0, 394s)
[2026-04-04T10:35:24] GATE pytest: FAIL
[2026-04-04T10:35:24] Tests failing — looping back to Build Agent
[2026-04-04T10:35:24] --- Sprint 1, Iteration 4 ---
[2026-04-04T10:35:24] START build_agent-sprint-1-iter-4
[2026-04-04T10:38:32] END build_agent-sprint-1-iter-4 (exit=0, 189s)
[2026-04-04T10:47:25] GATE pytest: FAIL
[2026-04-04T10:47:25] Tests failing — looping back to Build Agent
[2026-04-04T10:47:25] --- Sprint 1, Iteration 5 ---
[2026-04-04T10:47:25] START build_agent-sprint-1-iter-5
[2026-04-04T11:04:36] END build_agent-sprint-1-iter-5 (exit=0, 1031s)
[2026-04-04T11:13:29] GATE pytest: FAIL
[2026-04-04T11:13:29] Tests failing — looping back to Build Agent
[2026-04-04T11:13:29] Sprint 1 PASS (with debt): 0.00/9.5
[2026-04-04T11:13:29] ============================================================
[2026-04-04T11:13:29] SPRINT 2: Sprint 3: Dashboard SQL Queries (7 files) — dashboards/ directory, 7 SQL files (user activity, project analytics, model performance, job execution, API usage, cost allocation, system health), unit tests
[2026-04-04T11:13:29] ============================================================
[2026-04-04T11:13:29] --- Sprint 2, Iteration 1 ---
[2026-04-04T11:13:29] START build_agent-sprint-2-iter-1
[2026-04-05T08:48:30] ============================================================
[2026-04-05T08:48:30] HARNESS v2 — MULTI-SESSION ORCHESTRATOR
[2026-04-05T08:48:30] Work dir:  /Users/steven.tan/Expected Credit Losses/app
[2026-04-05T08:48:30] Target:    9.5/10
[2026-04-05T08:48:30] Model:     default
[2026-04-05T08:48:30] ============================================================
[2026-04-05T08:48:30] Resuming from phase=BUILD_AGENT, sprint=4
[2026-04-05T08:48:30] ============================================================
[2026-04-05T08:48:30] SPRINT 4: Sprint 5: Integration Test + Installation Test + Documentation — E2E test, SQL query validation, full pytest, clean install, admin guide update, commit+push
[2026-04-05T08:48:30] ============================================================
[2026-04-05T08:48:30] --- Sprint 4, Iteration 1 ---
[2026-04-05T08:48:30] START build_agent-sprint-4-iter-1
[2026-04-05T08:49:18] END build_agent-sprint-4-iter-1 (exit=143, 48s)
[2026-04-05T08:50:12] ============================================================
[2026-04-05T08:50:12] HARNESS v2 — MULTI-SESSION ORCHESTRATOR
[2026-04-05T08:50:12] Work dir:  /Users/steven.tan/Expected Credit Losses/app
[2026-04-05T08:50:12] Target:    9.5/10
[2026-04-05T08:50:12] Model:     default
[2026-04-05T08:50:12] ============================================================
[2026-04-05T08:50:12] ============================================================
[2026-04-05T08:50:12] PHASE 1: SPEC AGENT
[2026-04-05T08:50:12] ============================================================
[2026-04-05T08:50:12] START spec_agent-sprint-0-iter-0
[2026-04-05T08:54:26] END spec_agent-sprint-0-iter-0 (exit=0, 254s)
[2026-04-05T08:54:26] Spec phase complete
[2026-04-05T08:54:26] ============================================================
[2026-04-05T08:54:26] SPRINT 1: Sprint 1: Backend Permission Engine — governance/project_permissions.py + domain/workflow.py owner_id + unit tests
[2026-04-05T08:54:26] ============================================================
[2026-04-05T08:54:26] --- Sprint 1, Iteration 1 ---
[2026-04-05T08:54:26] START build_agent-sprint-1-iter-1
[2026-04-05T09:13:06] END build_agent-sprint-1-iter-1 (exit=0, 1120s)
[2026-04-05T09:23:06] GATE pytest: FAIL
[2026-04-05T09:23:06] Tests failing — looping back to Build Agent
[2026-04-05T09:23:06] --- Sprint 1, Iteration 2 ---
[2026-04-05T09:23:06] START build_agent-sprint-1-iter-2
[2026-04-05T09:26:09] END build_agent-sprint-1-iter-2 (exit=0, 183s)
[2026-04-05T09:36:09] GATE pytest: FAIL
[2026-04-05T09:36:09] Tests failing — looping back to Build Agent
[2026-04-05T09:36:09] --- Sprint 1, Iteration 3 ---
[2026-04-05T09:36:09] START build_agent-sprint-1-iter-3
[2026-04-05T09:41:57] END build_agent-sprint-1-iter-3 (exit=0, 348s)
[2026-04-05T09:51:57] GATE pytest: FAIL
[2026-04-05T09:51:57] Tests failing — looping back to Build Agent
[2026-04-05T09:51:57] --- Sprint 1, Iteration 4 ---
[2026-04-05T09:51:57] START build_agent-sprint-1-iter-4
[2026-04-05T09:53:56] END build_agent-sprint-1-iter-4 (exit=0, 119s)
[2026-04-05T10:03:56] GATE pytest: FAIL
[2026-04-05T10:03:56] Tests failing — looping back to Build Agent
[2026-04-05T10:03:56] --- Sprint 1, Iteration 5 ---
[2026-04-05T10:03:56] START build_agent-sprint-1-iter-5
[2026-04-05T10:06:49] END build_agent-sprint-1-iter-5 (exit=0, 172s)
[2026-04-05T10:16:49] GATE pytest: FAIL
[2026-04-05T10:16:49] Tests failing — looping back to Build Agent
[2026-04-05T10:16:49] Sprint 1 PASS (with debt): 0.00/9.5
[2026-04-05T10:16:49] ============================================================
[2026-04-05T10:16:49] SPRINT 2: Sprint 3: Frontend Permission Infrastructure — permissions.ts + usePermissions hook + api.ts types + Sidebar admin gate
[2026-04-05T10:16:49] ============================================================
[2026-04-05T10:16:49] --- Sprint 2, Iteration 1 ---
[2026-04-05T10:16:49] START build_agent-sprint-2-iter-1
[2026-04-05T11:02:41] END build_agent-sprint-2-iter-1 (exit=0, 2752s)
[2026-04-05T11:12:41] GATE pytest: FAIL
[2026-04-05T11:12:41] Tests failing — looping back to Build Agent
[2026-04-05T11:12:41] --- Sprint 2, Iteration 2 ---
[2026-04-05T11:12:41] START build_agent-sprint-2-iter-2
[2026-04-05T11:26:42] END build_agent-sprint-2-iter-2 (exit=0, 841s)
[2026-04-05T11:36:42] GATE pytest: FAIL
[2026-04-05T11:36:42] Tests failing — looping back to Build Agent
[2026-04-05T11:36:42] --- Sprint 2, Iteration 3 ---
[2026-04-05T11:36:42] START build_agent-sprint-2-iter-3
[2026-04-05T12:01:57] END build_agent-sprint-2-iter-3 (exit=0, 1515s)
[2026-04-05T12:11:57] GATE pytest: FAIL
[2026-04-05T12:11:57] Tests failing — looping back to Build Agent
[2026-04-05T12:11:57] --- Sprint 2, Iteration 4 ---
[2026-04-05T12:11:57] START build_agent-sprint-2-iter-4
[2026-04-05T12:26:14] END build_agent-sprint-2-iter-4 (exit=0, 857s)
[2026-04-05T12:36:14] GATE pytest: FAIL
[2026-04-05T12:36:14] Tests failing — looping back to Build Agent
[2026-04-05T12:36:14] --- Sprint 2, Iteration 5 ---
[2026-04-05T12:36:14] START build_agent-sprint-2-iter-5
[2026-04-05T12:49:32] END build_agent-sprint-2-iter-5 (exit=0, 798s)
[2026-04-05T12:59:32] GATE pytest: FAIL
[2026-04-05T12:59:32] Tests failing — looping back to Build Agent
[2026-04-05T12:59:32] Sprint 2 PASS (with debt): 0.00/9.5
[2026-04-05T12:59:32] ============================================================
[2026-04-05T12:59:32] SPRINT 3: Sprint 4: Frontend UI Integration — ProjectMembers.tsx sharing UI + 8 workflow pages gating + AccessDenied component
[2026-04-05T12:59:32] ============================================================
[2026-04-05T12:59:32] --- Sprint 3, Iteration 1 ---
[2026-04-05T12:59:32] START build_agent-sprint-3-iter-1
[2026-04-05T13:21:51] END build_agent-sprint-3-iter-1 (exit=0, 1339s)
[2026-04-05T13:31:51] GATE pytest: FAIL
[2026-04-05T13:31:51] Tests failing — looping back to Build Agent
[2026-04-05T13:31:51] --- Sprint 3, Iteration 2 ---
